#
# There is insufficient memory for the Java Runtime Environment to continue.
# Native memory allocation (mmap) failed to map 81788928 bytes for committing reserved memory.
# Possible reasons:
#   The system is out of physical RAM or swap space
#   In 32 bit mode, the process size limit was hit
# Possible solutions:
#   Reduce memory load on the system
#   Increase physical memory or swap space
#   Check if swap backing store is full
#   Use 64 bit Java on a 64 bit OS
#   Decrease Java heap size (-Xmx/-Xms)
#   Decrease number of Java threads
#   Decrease Java thread stack sizes (-Xss)
#   Set larger code cache with -XX:ReservedCodeCacheSize=
# This output file may be truncated or incomplete.
#
#  Out of Memory Error (os_linux.cpp:2640), pid=23279, tid=0x00007f036bdfd700
#
# JRE version: Java(TM) SE Runtime Environment (8.0_181-b13) (build 1.8.0_181-b13)
# Java VM: Java HotSpot(TM) 64-Bit Server VM (25.181-b13 mixed mode linux-amd64 compressed oops)
# Failed to write core dump. Core dumps have been disabled. To enable core dumping, try "ulimit -c unlimited" before starting Java again
#

---------------  T H R E A D  ---------------

Current thread (0x00007f0384079000):  VMThread [stack: 0x00007f036bcfe000,0x00007f036bdfe000] [id=23288]

Stack: [0x00007f036bcfe000,0x00007f036bdfe000],  sp=0x00007f036bdfc140,  free space=1016k
Native frames: (J=compiled Java code, j=interpreted, Vv=VM code, C=native code)
V  [libjvm.so+0xad21aa]  VMError::report_and_die()+0x2ba
V  [libjvm.so+0x5022db]  report_vm_out_of_memory(char const*, int, unsigned long, VMErrorType, char const*)+0x8b
V  [libjvm.so+0x92fe33]  os::Linux::commit_memory_impl(char*, unsigned long, bool)+0x123
V  [libjvm.so+0x930059]  os::pd_commit_memory(char*, unsigned long, unsigned long, bool)+0x29
V  [libjvm.so+0x9272ba]  os::commit_memory(char*, unsigned long, unsigned long, bool)+0x2a
V  [libjvm.so+0x99d2e3]  PSVirtualSpace::expand_by(unsigned long)+0x53
V  [libjvm.so+0x99e6e8]  PSYoungGen::resize_generation(unsigned long, unsigned long)+0xf8
V  [libjvm.so+0x99d842]  PSYoungGen::resize(unsigned long, unsigned long)+0x22
V  [libjvm.so+0x99ab1b]  PSScavenge::invoke_no_policy()+0xf3b
V  [libjvm.so+0x99b2a1]  PSScavenge::invoke()+0x41
V  [libjvm.so+0x951d70]  ParallelScavengeHeap::failed_mem_allocate(unsigned long)+0x70
V  [libjvm.so+0xad3c27]  VM_ParallelGCFailedAllocation::doit()+0x97
V  [libjvm.so+0xadb745]  VM_Operation::evaluate()+0x55
V  [libjvm.so+0xad9b0a]  VMThread::evaluate_operation(VM_Operation*)+0xba
V  [libjvm.so+0xad9e8e]  VMThread::loop()+0x1ce
V  [libjvm.so+0xada300]  VMThread::run()+0x70
V  [libjvm.so+0x930198]  java_start(Thread*)+0x108

VM_Operation (0x00007f0368f023a0): ParallelGCFailedAllocation, mode: safepoint, requested by thread 0x00007f032800a800


---------------  P R O C E S S  ---------------

Java Threads: ( => current thread )
  0x00007f0315434800 JavaThread "Memory manager" [_thread_blocked, id=23322, stack(0x00007f0362551000,0x00007f0362652000)]
  0x00007f031478c800 JavaThread "build operations Thread 4" [_thread_blocked, id=23318, stack(0x00007f03630fb000,0x00007f03631fc000)]
  0x00007f03145ed000 JavaThread "build operations Thread 3" [_thread_blocked, id=23317, stack(0x00007f03631fc000,0x00007f03632fd000)]
  0x00007f031478b800 JavaThread "build operations Thread 2" [_thread_blocked, id=23316, stack(0x00007f03632fd000,0x00007f03633fe000)]
  0x00007f03145ef800 JavaThread "build operations" [_thread_blocked, id=23315, stack(0x00007f03633fe000,0x00007f03634ff000)]
  0x00007f031476f800 JavaThread "Cache worker for Artifact transforms cache (/root/.gradle/caches/transforms-1)" [_thread_blocked, id=23312, stack(0x00007f03636ff000,0x00007f0363800000)]
  0x00007f031430a800 JavaThread "Cache worker for file hash cache (/home/mohamed/projects/chat/client/android/.gradle/4.4/fileHashes)" [_thread_blocked, id=23310, stack(0x00007f0368502000,0x00007f0368603000)]
  0x00007f0314197800 JavaThread "File lock request listener" [_thread_in_native, id=23309, stack(0x00007f0368803000,0x00007f0368904000)]
  0x00007f0314134000 JavaThread "Cache worker for file hash cache (/root/.gradle/caches/4.4/fileHashes)" [_thread_blocked, id=23308, stack(0x00007f0368904000,0x00007f0368a05000)]
  0x00007f0314012800 JavaThread "Stdin handler" [_thread_blocked, id=23307, stack(0x00007f0368a05000,0x00007f0368b06000)]
  0x00007f0314010800 JavaThread "Asynchronous log dispatcher for DefaultDaemonConnection: socket connection from /0:0:0:0:0:0:0:1:34979 to /0:0:0:0:0:0:0:1:59904" [_thread_blocked, id=23306, stack(0x00007f0368b06000,0x00007f0368c07000)]
  0x00007f032800a800 JavaThread "Daemon worker" [_thread_blocked, id=23303, stack(0x00007f0368e07000,0x00007f0368f08000)]
  0x00007f0328008800 JavaThread "Cancel handler" [_thread_blocked, id=23302, stack(0x00007f0368f08000,0x00007f0369009000)]
  0x00007f0328004000 JavaThread "Handler for socket connection from /0:0:0:0:0:0:0:1:34979 to /0:0:0:0:0:0:0:1:59904" [_thread_in_native, id=23301, stack(0x00007f0369009000,0x00007f036910a000)]
  0x00007f0330038000 JavaThread "Daemon" [_thread_blocked, id=23300, stack(0x00007f036910a000,0x00007f036920b000)]
  0x00007f0384ea3000 JavaThread "Daemon periodic checks" [_thread_blocked, id=23299, stack(0x00007f036920b000,0x00007f036930c000)]
  0x00007f0384e88000 JavaThread "Incoming local TCP Connector on port 34979" [_thread_in_native, id=23298, stack(0x00007f0369313000,0x00007f0369414000)]
  0x00007f0384e48800 JavaThread "Daemon health stats" [_thread_blocked, id=23297, stack(0x00007f0369619000,0x00007f036971a000)]
  0x00007f03840c2800 JavaThread "Service Thread" daemon [_thread_blocked, id=23295, stack(0x00007f036ac26000,0x00007f036ad27000)]
  0x00007f03840bf800 JavaThread "C1 CompilerThread2" daemon [_thread_blocked, id=23294, stack(0x00007f036ad28000,0x00007f036ae28000)]
  0x00007f03840be000 JavaThread "C2 CompilerThread1" daemon [_thread_blocked, id=23293, stack(0x00007f036ae29000,0x00007f036af29000)]
  0x00007f03840bb000 JavaThread "C2 CompilerThread0" daemon [_thread_blocked, id=23292, stack(0x00007f036af2a000,0x00007f036b02a000)]
  0x00007f03840b9800 JavaThread "Signal Dispatcher" daemon [_thread_blocked, id=23291, stack(0x00007f036b02a000,0x00007f036b12b000)]
  0x00007f0384085800 JavaThread "Finalizer" daemon [_thread_blocked, id=23290, stack(0x00007f036bafb000,0x00007f036bbfc000)]
  0x00007f0384083000 JavaThread "Reference Handler" daemon [_thread_blocked, id=23289, stack(0x00007f036bbfc000,0x00007f036bcfd000)]
  0x00007f038400b000 JavaThread "main" [_thread_blocked, id=23283, stack(0x00007f038a505000,0x00007f038a605000)]

Other Threads:
=>0x00007f0384079000 VMThread [stack: 0x00007f036bcfe000,0x00007f036bdfe000] [id=23288]
  0x00007f03840c7800 WatcherThread [stack: 0x00007f036ab26000,0x00007f036ac26000] [id=23296]

VM state:at safepoint (normal execution)

VM Mutex/Monitor currently owned by a thread:  ([mutex/lock_event])
[0x00007f0384007b00] Threads_lock - owner thread: 0x00007f0384079000
[0x00007f0384008000] Heap_lock - owner thread: 0x00007f032800a800

Heap:
 PSYoungGen      total 184832K, used 14315K [0x00000000eab00000, 0x00000000f6d80000, 0x0000000100000000)
  eden space 170496K, 0% used [0x00000000eab00000,0x00000000eab00000,0x00000000f5180000)
  from space 14336K, 99% used [0x00000000f5180000,0x00000000f5f7af98,0x00000000f5f80000)
  to   space 12288K, 0% used [0x00000000f6180000,0x00000000f6180000,0x00000000f6d80000)
 ParOldGen       total 57856K, used 22188K [0x00000000c0000000, 0x00000000c3880000, 0x00000000eab00000)
  object space 57856K, 38% used [0x00000000c0000000,0x00000000c15ab128,0x00000000c3880000)
 Metaspace       used 48771K, capacity 49750K, committed 49840K, reserved 1091584K
  class space    used 6698K, capacity 7030K, committed 7088K, reserved 1048576K

Card table byte_map: [0x00007f0373fbf000,0x00007f03741c0000] byte_map_base: 0x00007f03739bf000

Marking Bits: (ParMarkBitMap*) 0x00007f03899a80a0
 Begin Bits: [0x00007f0371a65000, 0x00007f0372a65000)
 End Bits:   [0x00007f0372a65000, 0x00007f0373a65000)

Polling page: 0x00007f038a625000

CodeCache: size=245760Kb used=14309Kb max_used=14309Kb free=231450Kb
 bounds [0x00007f0374580000, 0x00007f0375390000, 0x00007f0383580000]
 total_blobs=4948 nmethods=4192 adapters=668
 compilation: enabled

Compilation events (10 events):
Event: 41.997 Thread 0x00007f03840bf800 4550       3       java.nio.Buffer::checkBounds (25 bytes)
Event: 41.999 Thread 0x00007f03840bf800 nmethod 4550 0x00007f0375378ed0 code [0x00007f0375379040, 0x00007f0375379268]
Event: 42.000 Thread 0x00007f03840bb000 4551       4       java.nio.Buffer::flip (20 bytes)
Event: 42.001 Thread 0x00007f03840bb000 nmethod 4551 0x00007f0375349f10 code [0x00007f037534a060, 0x00007f037534a0d8]
Event: 42.001 Thread 0x00007f03840bb000 4552       4       com.sun.org.apache.xerces.internal.impl.io.UTF8Reader::read (1443 bytes)
Event: 42.014 Thread 0x00007f03840bf800 4553   !   3       com.sun.org.apache.xerces.internal.impl.dv.xs.XSSimpleTypeDecl::checkExtraRules (214 bytes)
Event: 42.018 Thread 0x00007f03840be000 4554       4       java.lang.StringBuilder::append (10 bytes)
Event: 42.019 Thread 0x00007f03840bf800 nmethod 4553 0x00007f03753814d0 code [0x00007f0375381700, 0x00007f0375382388]
Event: 42.019 Thread 0x00007f03840bf800 4555 %     3       com.sun.xml.bind.v2.runtime.unmarshaller.ValidatingUnmarshaller::text @ 25 (85 bytes)
Event: 42.039 Thread 0x00007f03840bf800 nmethod 4555% 0x00007f0375378190 code [0x00007f0375378360, 0x00007f0375378b48]

GC Heap History (10 events):
Event: 3.829 GC heap after
Heap after GC invocations=6 (full 0):
 PSYoungGen      total 104448K, used 3712K [0x00000000eab00000, 0x00000000f1c00000, 0x0000000100000000)
  eden space 94208K, 0% used [0x00000000eab00000,0x00000000eab00000,0x00000000f0700000)
  from space 10240K, 36% used [0x00000000f1200000,0x00000000f15a0050,0x00000000f1c00000)
  to   space 10752K, 0% used [0x00000000f0700000,0x00000000f0700000,0x00000000f1180000)
 ParOldGen       total 61440K, used 11933K [0x00000000c0000000, 0x00000000c3c00000, 0x00000000eab00000)
  object space 61440K, 19% used [0x00000000c0000000,0x00000000c0ba7480,0x00000000c3c00000)
 Metaspace       used 20949K, capacity 21188K, committed 21296K, reserved 1067008K
  class space    used 2971K, capacity 3074K, committed 3120K, reserved 1048576K
}
Event: 3.829 GC heap before
{Heap before GC invocations=7 (full 1):
 PSYoungGen      total 104448K, used 3712K [0x00000000eab00000, 0x00000000f1c00000, 0x0000000100000000)
  eden space 94208K, 0% used [0x00000000eab00000,0x00000000eab00000,0x00000000f0700000)
  from space 10240K, 36% used [0x00000000f1200000,0x00000000f15a0050,0x00000000f1c00000)
  to   space 10752K, 0% used [0x00000000f0700000,0x00000000f0700000,0x00000000f1180000)
 ParOldGen       total 61440K, used 11933K [0x00000000c0000000, 0x00000000c3c00000, 0x00000000eab00000)
  object space 61440K, 19% used [0x00000000c0000000,0x00000000c0ba7480,0x00000000c3c00000)
 Metaspace       used 20949K, capacity 21188K, committed 21296K, reserved 1067008K
  class space    used 2971K, capacity 3074K, committed 3120K, reserved 1048576K
Event: 3.879 GC heap after
Heap after GC invocations=7 (full 1):
 PSYoungGen      total 104448K, used 0K [0x00000000eab00000, 0x00000000f1c00000, 0x0000000100000000)
  eden space 94208K, 0% used [0x00000000eab00000,0x00000000eab00000,0x00000000f0700000)
  from space 10240K, 0% used [0x00000000f1200000,0x00000000f1200000,0x00000000f1c00000)
  to   space 10752K, 0% used [0x00000000f0700000,0x00000000f0700000,0x00000000f1180000)
 ParOldGen       total 40448K, used 6963K [0x00000000c0000000, 0x00000000c2780000, 0x00000000eab00000)
  object space 40448K, 17% used [0x00000000c0000000,0x00000000c06cce98,0x00000000c2780000)
 Metaspace       used 20949K, capacity 21188K, committed 21296K, reserved 1067008K
  class space    used 2971K, capacity 3074K, committed 3120K, reserved 1048576K
}
Event: 6.373 GC heap before
{Heap before GC invocations=8 (full 1):
 PSYoungGen      total 104448K, used 94208K [0x00000000eab00000, 0x00000000f1c00000, 0x0000000100000000)
  eden space 94208K, 100% used [0x00000000eab00000,0x00000000f0700000,0x00000000f0700000)
  from space 10240K, 0% used [0x00000000f1200000,0x00000000f1200000,0x00000000f1c00000)
  to   space 10752K, 0% used [0x00000000f0700000,0x00000000f0700000,0x00000000f1180000)
 ParOldGen       total 40448K, used 6963K [0x00000000c0000000, 0x00000000c2780000, 0x00000000eab00000)
  object space 40448K, 17% used [0x00000000c0000000,0x00000000c06cce98,0x00000000c2780000)
 Metaspace       used 29545K, capacity 29954K, committed 30256K, reserved 1075200K
  class space    used 4105K, capacity 4283K, committed 4400K, reserved 1048576K
Event: 6.401 GC heap after
Heap after GC invocations=8 (full 1):
 PSYoungGen      total 104960K, used 10743K [0x00000000eab00000, 0x00000000f6e00000, 0x0000000100000000)
  eden space 94208K, 0% used [0x00000000eab00000,0x00000000eab00000,0x00000000f0700000)
  from space 10752K, 99% used [0x00000000f0700000,0x00000000f117dd18,0x00000000f1180000)
  to   space 12800K, 0% used [0x00000000f6180000,0x00000000f6180000,0x00000000f6e00000)
 ParOldGen       total 40448K, used 7101K [0x00000000c0000000, 0x00000000c2780000, 0x00000000eab00000)
  object space 40448K, 17% used [0x00000000c0000000,0x00000000c06ef728,0x00000000c2780000)
 Metaspace       used 29545K, capacity 29954K, committed 30256K, reserved 1075200K
  class space    used 4105K, capacity 4283K, committed 4400K, reserved 1048576K
}
Event: 8.914 GC heap before
{Heap before GC invocations=9 (full 1):
 PSYoungGen      total 104960K, used 87135K [0x00000000eab00000, 0x00000000f6e00000, 0x0000000100000000)
  eden space 94208K, 81% used [0x00000000eab00000,0x00000000ef59a220,0x00000000f0700000)
  from space 10752K, 99% used [0x00000000f0700000,0x00000000f117dd18,0x00000000f1180000)
  to   space 12800K, 0% used [0x00000000f6180000,0x00000000f6180000,0x00000000f6e00000)
 ParOldGen       total 40448K, used 7101K [0x00000000c0000000, 0x00000000c2780000, 0x00000000eab00000)
  object space 40448K, 17% used [0x00000000c0000000,0x00000000c06ef728,0x00000000c2780000)
 Metaspace       used 34718K, capacity 35328K, committed 35496K, reserved 1079296K
  class space    used 4834K, capacity 5073K, committed 5168K, reserved 1048576K
Event: 8.937 GC heap after
Heap after GC invocations=9 (full 1):
 PSYoungGen      total 182784K, used 11281K [0x00000000eab00000, 0x00000000f6d80000, 0x0000000100000000)
  eden space 170496K, 0% used [0x00000000eab00000,0x00000000eab00000,0x00000000f5180000)
  from space 12288K, 91% used [0x00000000f6180000,0x00000000f6c844b0,0x00000000f6d80000)
  to   space 14336K, 0% used [0x00000000f5180000,0x00000000f5180000,0x00000000f5f80000)
 ParOldGen       total 40448K, used 7109K [0x00000000c0000000, 0x00000000c2780000, 0x00000000eab00000)
  object space 40448K, 17% used [0x00000000c0000000,0x00000000c06f1728,0x00000000c2780000)
 Metaspace       used 34718K, capacity 35328K, committed 35496K, reserved 1079296K
  class space    used 4834K, capacity 5073K, committed 5168K, reserved 1048576K
}
Event: 8.938 GC heap before
{Heap before GC invocations=10 (full 2):
 PSYoungGen      total 182784K, used 11281K [0x00000000eab00000, 0x00000000f6d80000, 0x0000000100000000)
  eden space 170496K, 0% used [0x00000000eab00000,0x00000000eab00000,0x00000000f5180000)
  from space 12288K, 91% used [0x00000000f6180000,0x00000000f6c844b0,0x00000000f6d80000)
  to   space 14336K, 0% used [0x00000000f5180000,0x00000000f5180000,0x00000000f5f80000)
 ParOldGen       total 40448K, used 7109K [0x00000000c0000000, 0x00000000c2780000, 0x00000000eab00000)
  object space 40448K, 17% used [0x00000000c0000000,0x00000000c06f1728,0x00000000c2780000)
 Metaspace       used 34718K, capacity 35328K, committed 35496K, reserved 1079296K
  class space    used 4834K, capacity 5073K, committed 5168K, reserved 1048576K
Event: 9.065 GC heap after
Heap after GC invocations=10 (full 2):
 PSYoungGen      total 182784K, used 0K [0x00000000eab00000, 0x00000000f6d80000, 0x0000000100000000)
  eden space 170496K, 0% used [0x00000000eab00000,0x00000000eab00000,0x00000000f5180000)
  from space 12288K, 0% used [0x00000000f6180000,0x00000000f6180000,0x00000000f6d80000)
  to   space 14336K, 0% used [0x00000000f5180000,0x00000000f5180000,0x00000000f5f80000)
 ParOldGen       total 57856K, used 17796K [0x00000000c0000000, 0x00000000c3880000, 0x00000000eab00000)
  object space 57856K, 30% used [0x00000000c0000000,0x00000000c1161180,0x00000000c3880000)
 Metaspace       used 34662K, capacity 35202K, committed 35496K, reserved 1079296K
  class space    used 4817K, capacity 5031K, committed 5168K, reserved 1048576K
}
Event: 42.048 GC heap before
{Heap before GC invocations=11 (full 2):
 PSYoungGen      total 182784K, used 170496K [0x00000000eab00000, 0x00000000f6d80000, 0x0000000100000000)
  eden space 170496K, 100% used [0x00000000eab00000,0x00000000f5180000,0x00000000f5180000)
  from space 12288K, 0% used [0x00000000f6180000,0x00000000f6180000,0x00000000f6d80000)
  to   space 14336K, 0% used [0x00000000f5180000,0x00000000f5180000,0x00000000f5f80000)
 ParOldGen       total 57856K, used 17796K [0x00000000c0000000, 0x00000000c3880000, 0x00000000eab00000)
  object space 57856K, 30% used [0x00000000c0000000,0x00000000c1161180,0x00000000c3880000)
 Metaspace       used 48771K, capacity 49750K, committed 49840K, reserved 1091584K
  class space    used 6698K, capacity 7030K, committed 7088K, reserved 1048576K

Deoptimization events (10 events):
Event: 10.440 Thread 0x00007f032800a800 Uncommon trap: reason=unstable_if action=reinterpret pc=0x00007f0374a8be98 method=java.lang.StringCoding.decode(Ljava/lang/String;[BII)[C @ 51
Event: 10.473 Thread 0x00007f032800a800 Uncommon trap: reason=unstable_if action=reinterpret pc=0x00007f037496f0a0 method=java.lang.CharacterDataLatin1.isWhitespace(I)Z @ 14
Event: 10.593 Thread 0x00007f032800a800 Uncommon trap: reason=unstable_if action=reinterpret pc=0x00007f0374d48f10 method=java.security.CodeSource.getCertificates()[Ljava/security/cert/Certificate; @ 22
Event: 10.645 Thread 0x00007f032800a800 Uncommon trap: reason=unstable_if action=reinterpret pc=0x00007f0374f67c2c method=java.util.LinkedHashMap.get(Ljava/lang/Object;)Ljava/lang/Object; @ 20
Event: 13.224 Thread 0x00007f032800a800 Uncommon trap: reason=class_check action=maybe_recompile pc=0x00007f0375200240 method=java.io.DataInputStream.readUnsignedShort()I @ 4
Event: 13.225 Thread 0x00007f032800a800 Uncommon trap: reason=class_check action=maybe_recompile pc=0x00007f0375200240 method=java.io.DataInputStream.readUnsignedShort()I @ 4
Event: 13.225 Thread 0x00007f032800a800 Uncommon trap: reason=class_check action=maybe_recompile pc=0x00007f0375200240 method=java.io.DataInputStream.readUnsignedShort()I @ 4
Event: 13.225 Thread 0x00007f032800a800 Uncommon trap: reason=class_check action=maybe_recompile pc=0x00007f0375200240 method=java.io.DataInputStream.readUnsignedShort()I @ 4
Event: 24.930 Thread 0x00007f032800a800 Uncommon trap: reason=unstable_if action=reinterpret pc=0x00007f0374f5c6fc method=java.util.regex.Pattern$BmpCharProperty.match(Ljava/util/regex/Matcher;ILjava/lang/CharSequence;)Z @ 34
Event: 41.249 Thread 0x00007f032800a800 Uncommon trap: reason=unstable_if action=reinterpret pc=0x00007f03752c9728 method=java.lang.CharacterDataLatin1.digit(II)I @ 31

Classes redefined (0 events):
No events

Internal exceptions (10 events):
Event: 12.216 Thread 0x00007f032800a800 Exception <a 'sun/nio/fs/UnixException'> (0x00000000f3380e88) thrown at [/HUDSON/workspace/8-2-build-linux-amd64/jdk8u181/11358/hotspot/src/share/vm/prims/jni.cpp, line 709]
Event: 12.217 Thread 0x00007f032800a800 Exception <a 'sun/nio/fs/UnixException'> (0x00000000f3382308) thrown at [/HUDSON/workspace/8-2-build-linux-amd64/jdk8u181/11358/hotspot/src/share/vm/prims/jni.cpp, line 709]
Event: 12.268 Thread 0x00007f032800a800 Exception <a 'java/lang/ClassNotFoundException': com/sun/org/glassfish/hk2/osgiresourcelocator/ServiceLoader> (0x00000000f33d9650) thrown at [/HUDSON/workspace/8-2-build-linux-amd64/jdk8u181/11358/hotspot/src/share/vm/classfile/systemDictionary.cpp, line 
Event: 12.473 Thread 0x00007f032800a800 Exception <a 'java/lang/NullPointerException'> (0x00000000f3841340) thrown at [/HUDSON/workspace/8-2-build-linux-amd64/jdk8u181/11358/hotspot/src/share/vm/interpreter/linkResolver.cpp, line 1287]
Event: 15.204 Thread 0x00007f0315434800 Exception <a 'java/io/IOException'> (0x00000000ebf06f78) thrown at [/HUDSON/workspace/8-2-build-linux-amd64/jdk8u181/11358/hotspot/src/share/vm/prims/jni.cpp, line 709]
Event: 20.586 Thread 0x00007f0315434800 Exception <a 'java/io/IOException'> (0x00000000ebf2ef80) thrown at [/HUDSON/workspace/8-2-build-linux-amd64/jdk8u181/11358/hotspot/src/share/vm/prims/jni.cpp, line 709]
Event: 25.207 Thread 0x00007f0315434800 Exception <a 'java/io/IOException'> (0x00000000ebf377e0) thrown at [/HUDSON/workspace/8-2-build-linux-amd64/jdk8u181/11358/hotspot/src/share/vm/prims/jni.cpp, line 709]
Event: 29.854 Thread 0x00007f0315434800 Exception <a 'java/io/IOException'> (0x00000000ebf3ff70) thrown at [/HUDSON/workspace/8-2-build-linux-amd64/jdk8u181/11358/hotspot/src/share/vm/prims/jni.cpp, line 709]
Event: 35.583 Thread 0x00007f0315434800 Exception <a 'java/io/IOException'> (0x00000000ebf48700) thrown at [/HUDSON/workspace/8-2-build-linux-amd64/jdk8u181/11358/hotspot/src/share/vm/prims/jni.cpp, line 709]
Event: 39.858 Thread 0x00007f0315434800 Exception <a 'java/io/IOException'> (0x00000000ebf50e90) thrown at [/HUDSON/workspace/8-2-build-linux-amd64/jdk8u181/11358/hotspot/src/share/vm/prims/jni.cpp, line 709]

Events (10 events):
Event: 41.840 Thread 0x00007f032800a800 DEOPT UNPACKING pc=0x00007f03745c7384 sp=0x00007f0368f02980 mode 0
Event: 41.841 Thread 0x00007f032800a800 DEOPT PACKING pc=0x00007f0375300726 sp=0x00007f0368f02b90
Event: 41.841 Thread 0x00007f032800a800 DEOPT UNPACKING pc=0x00007f03745c7384 sp=0x00007f0368f02900 mode 0
Event: 41.841 Thread 0x00007f032800a800 DEOPT PACKING pc=0x00007f0375300726 sp=0x00007f0368f02b90
Event: 41.841 Thread 0x00007f032800a800 DEOPT UNPACKING pc=0x00007f03745c7384 sp=0x00007f0368f02900 mode 0
Event: 42.006 Thread 0x00007f032800a800 DEOPT PACKING pc=0x00007f03753665ed sp=0x00007f0368f02af0
Event: 42.012 Thread 0x00007f032800a800 DEOPT UNPACKING pc=0x00007f03745c7384 sp=0x00007f0368f028d8 mode 0
Event: 42.016 Thread 0x00007f032800a800 DEOPT PACKING pc=0x00007f03753665ed sp=0x00007f0368f02a40
Event: 42.017 Thread 0x00007f032800a800 DEOPT UNPACKING pc=0x00007f03745c7384 sp=0x00007f0368f02828 mode 0
Event: 42.042 Executing VM operation: ParallelGCFailedAllocation


Dynamic libraries:
00400000-00401000 r-xp 00000000 fd:00 14424443                           /usr/lib/jvm/java-8-oracle/bin/java
00600000-00601000 rw-p 00000000 fd:00 14424443                           /usr/lib/jvm/java-8-oracle/bin/java
01ad5000-01af6000 rw-p 00000000 00:00 0                                  [heap]
c0000000-c3880000 rw-p 00000000 00:00 0 
c3880000-eab00000 ---p 00000000 00:00 0 
eab00000-f6d80000 rw-p 00000000 00:00 0 
fbb80000-100000000 ---p 00000000 00:00 0 
100000000-1006ec000 rw-p 00000000 00:00 0 
1006ec000-140000000 ---p 00000000 00:00 0 
7f02ec000000-7f02ec021000 rw-p 00000000 00:00 0 
7f02ec021000-7f02f0000000 ---p 00000000 00:00 0 
7f02f4000000-7f02f4021000 rw-p 00000000 00:00 0 
7f02f4021000-7f02f8000000 ---p 00000000 00:00 0 
7f02f8000000-7f02f8021000 rw-p 00000000 00:00 0 
7f02f8021000-7f02fc000000 ---p 00000000 00:00 0 
7f02fc000000-7f02fc021000 rw-p 00000000 00:00 0 
7f02fc021000-7f0300000000 ---p 00000000 00:00 0 
7f0300000000-7f0300021000 rw-p 00000000 00:00 0 
7f0300021000-7f0304000000 ---p 00000000 00:00 0 
7f0304000000-7f0304021000 rw-p 00000000 00:00 0 
7f0304021000-7f0308000000 ---p 00000000 00:00 0 
7f0308000000-7f0308021000 rw-p 00000000 00:00 0 
7f0308021000-7f030c000000 ---p 00000000 00:00 0 
7f030c000000-7f030c021000 rw-p 00000000 00:00 0 
7f030c021000-7f0310000000 ---p 00000000 00:00 0 
7f0310000000-7f0310026000 rw-p 00000000 00:00 0 
7f0310026000-7f0314000000 ---p 00000000 00:00 0 
7f0314000000-7f03156cf000 rw-p 00000000 00:00 0 
7f03156cf000-7f0318000000 ---p 00000000 00:00 0 
7f0318000000-7f0318293000 rw-p 00000000 00:00 0 
7f0318293000-7f031c000000 ---p 00000000 00:00 0 
7f031c000000-7f031c029000 rw-p 00000000 00:00 0 
7f031c029000-7f0320000000 ---p 00000000 00:00 0 
7f0320000000-7f0320021000 rw-p 00000000 00:00 0 
7f0320021000-7f0324000000 ---p 00000000 00:00 0 
7f0324000000-7f0324021000 rw-p 00000000 00:00 0 
7f0324021000-7f0328000000 ---p 00000000 00:00 0 
7f0328000000-7f0328021000 rw-p 00000000 00:00 0 
7f0328021000-7f032c000000 ---p 00000000 00:00 0 
7f032c000000-7f032c021000 rw-p 00000000 00:00 0 
7f032c021000-7f0330000000 ---p 00000000 00:00 0 
7f0330000000-7f033006c000 rw-p 00000000 00:00 0 
7f033006c000-7f0334000000 ---p 00000000 00:00 0 
7f0334000000-7f0334021000 rw-p 00000000 00:00 0 
7f0334021000-7f0338000000 ---p 00000000 00:00 0 
7f0338000000-7f0338021000 rw-p 00000000 00:00 0 
7f0338021000-7f033c000000 ---p 00000000 00:00 0 
7f033c000000-7f033e02b000 rw-p 00000000 00:00 0 
7f033e02b000-7f0340000000 ---p 00000000 00:00 0 
7f0340000000-7f0340adf000 rw-p 00000000 00:00 0 
7f0340adf000-7f0344000000 ---p 00000000 00:00 0 
7f0344000000-7f0344021000 rw-p 00000000 00:00 0 
7f0344021000-7f0348000000 ---p 00000000 00:00 0 
7f0348000000-7f0349c0f000 rw-p 00000000 00:00 0 
7f0349c0f000-7f034c000000 ---p 00000000 00:00 0 
7f034c000000-7f034c021000 rw-p 00000000 00:00 0 
7f034c021000-7f0350000000 ---p 00000000 00:00 0 
7f0350000000-7f0350021000 rw-p 00000000 00:00 0 
7f0350021000-7f0354000000 ---p 00000000 00:00 0 
7f0354000000-7f035402f000 rw-p 00000000 00:00 0 
7f035402f000-7f0358000000 ---p 00000000 00:00 0 
7f0358000000-7f0358292000 rw-p 00000000 00:00 0 
7f0358292000-7f035c000000 ---p 00000000 00:00 0 
7f035c000000-7f035c023000 rw-p 00000000 00:00 0 
7f035c023000-7f0360000000 ---p 00000000 00:00 0 
7f0361d3b000-7f0361efb000 rw-p 00000000 00:00 0 
7f0361efb000-7f0361f3b000 ---p 00000000 00:00 0 
7f0361f3b000-7f0361f4e000 r--s 00345000 fd:00 14555541                   /usr/lib/jvm/java-8-oracle/jre/lib/resources.jar
7f0361f4e000-7f036214e000 rw-p 00000000 00:00 0 
7f036214e000-7f036234e000 rw-p 00000000 00:00 0 
7f036234e000-7f0362351000 r--s 0001a000 fd:00 14555735                   /usr/lib/jvm/java-8-oracle/jre/lib/jce.jar
7f0362351000-7f0362551000 rw-p 00000000 00:00 0 
7f0362551000-7f0362554000 ---p 00000000 00:00 0 
7f0362554000-7f0362852000 rw-p 00000000 00:00 0 
7f0362852000-7f0362a52000 rw-p 00000000 00:00 0 
7f0362a52000-7f0362c52000 rw-p 00000000 00:00 0 
7f0362c52000-7f0362c53000 r--s 00005000 fd:00 12330719                   /root/.gradle/caches/modules-2/files-2.1/com.sun.istack/istack-commons-runtime/2.21/c969d8f15c467f0ef7d7b04889afbe7b5d48e22f/istack-commons-runtime-2.21.jar
7f0362c53000-7f0362c55000 r--s 0000f000 fd:00 12330718                   /root/.gradle/caches/modules-2/files-2.1/org.glassfish.jaxb/txw2/2.2.11/2df047d8c187a62f2177bf6013f1f9786cdfc8a2/txw2-2.2.11.jar
7f0362c55000-7f0362c58000 r--s 00016000 fd:00 12330717                   /root/.gradle/caches/modules-2/files-2.1/javax.xml.bind/jaxb-api/2.2.12-b140109.1041/7ed0e0d01198614194d56dfb03d9d95aa311824c/jaxb-api-2.2.12-b140109.1041.jar
7f0362c58000-7f0362c5d000 r--s 00044000 fd:00 12330716                   /root/.gradle/caches/modules-2/files-2.1/com.sun.xml.fastinfoset/FastInfoset/1.2.13/98f56b9354e27bd2941cc5d461344e240ae51ae/FastInfoset-1.2.13.jar
7f0362c5d000-7f0362c5f000 r--s 00007000 fd:00 12330715                   /root/.gradle/caches/modules-2/files-2.1/org.jvnet.staxex/stax-ex/1.7.7/18bed5a0da27a6b43efe01282f2dc911b1cb3a72/stax-ex-1.7.7.jar
7f0362c5f000-7f0362c64000 r--s 00021000 fd:00 12330714                   /root/.gradle/caches/modules-2/files-2.1/org.glassfish.jaxb/jaxb-core/2.2.11/f5745049f5fb9cb9d9b5f513c207727f475983e9/jaxb-core-2.2.11.jar
7f0362c64000-7f0362c6a000 r--s 00033000 fd:00 12330713                   /root/.gradle/caches/modules-2/files-2.1/commons-codec/commons-codec/1.6/b7f0fc8f61ecadeb3695f0b9464755eee44374d4/commons-codec-1.6.jar
7f0362c6a000-7f0362c6c000 r--s 0000d000 fd:00 12329988                   /root/.gradle/caches/modules-2/files-2.1/commons-logging/commons-logging/1.1.1/5043bfebc3db072ed80fbd362e7caf00e885d8ae/commons-logging-1.1.1.jar
7f0362c6c000-7f0362c72000 r--s 00032000 fd:00 12330712                   /root/.gradle/caches/modules-2/files-2.1/org.apache.httpcomponents/httpcore/4.2.5/472f0f5f8dba5d1962cb9d7739feed739a31c30d/httpcore-4.2.5.jar
7f0362c72000-7f0362c83000 r--s 000eb000 fd:00 12330711                   /root/.gradle/caches/modules-2/files-2.1/org.glassfish.jaxb/jaxb-runtime/2.2.11/65510afc78679e347b0d774617a97fedac94f8/jaxb-runtime-2.2.11.jar
7f0362c83000-7f0362c86000 r--s 00011000 fd:00 12330710                   /root/.gradle/caches/modules-2/files-2.1/com.sun.activation/javax.activation/1.2.0/bf744c1e2776ed1de3c55c8dac1057ec331ef744/javax.activation-1.2.0.jar
7f0362c86000-7f0362c88000 r--s 00003000 fd:00 12330709                   /root/.gradle/caches/modules-2/files-2.1/org.jetbrains/annotations/13.0/919f0dfe192fb4e063e7dacadee7f8bb9a2672a9/annotations-13.0.jar
7f0362c88000-7f0362c89000 r--s 0000a000 fd:00 12329982                   /root/.gradle/caches/modules-2/files-2.1/net.sf.kxml/kxml2/2.3.0/ccbc77a5fd907ef863c29f3596c6f54ffa4e9442/kxml2-2.3.0.jar
7f0362c89000-7f0362c8b000 r--s 00005000 fd:00 12329981                   /root/.gradle/caches/modules-2/files-2.1/org.apache.httpcomponents/httpmime/4.1/9ba2dcdf94ce35c8a8e9bff242db0618ca932e92/httpmime-4.1.jar
7f0362c8b000-7f0362c95000 r--s 00061000 fd:00 12330708                   /root/.gradle/caches/modules-2/files-2.1/org.apache.httpcomponents/httpclient/4.2.6/e4ca30a6a3a075053a61c6fc850d2432dc012ba7/httpclient-4.2.6.jar
7f0362c95000-7f0362c9e000 r--s 00064000 fd:00 12330707                   /root/.gradle/caches/modules-2/files-2.1/org.apache.commons/commons-compress/1.12/84caa68576e345eb5e7ae61a0e5a9229eb100d7b/commons-compress-1.12.jar
7f0362c9e000-7f0362c9f000 r--s 00000000 fd:00 12330706                   /root/.gradle/caches/modules-2/files-2.1/org.codehaus.mojo/animal-sniffer-annotations/1.14/775b7e22fb10026eed3f86e8dc556dfafe35f2d5/animal-sniffer-annotations-1.14.jar
7f0362c9f000-7f0362ca1000 r--s 00001000 fd:00 12330705                   /root/.gradle/caches/modules-2/files-2.1/com.google.j2objc/j2objc-annotations/1.1/976d8d30bebc251db406f2bdb3eb01962b5685b3/j2objc-annotations-1.1.jar
7f0362ca1000-7f0362ca4000 r--s 00006000 fd:00 12330704                   /root/.gradle/caches/modules-2/files-2.1/com.google.code.findbugs/jsr305/1.3.9/40719ea6961c0cb6afaeb6a921eaa1f6afd4cfdf/jsr305-1.3.9.jar
7f0362ca4000-7f0362cb4000 r--s 000d6000 fd:00 12330703                   /root/.gradle/caches/modules-2/files-2.1/net.sf.proguard/proguard-base/5.3.3/988b6b0636ce343d4962b3b37f6319dcc6e99a61/proguard-base-5.3.3.jar
7f0362cb4000-7f0362cc4000 r--s 000d4000 fd:00 12330702                   /root/.gradle/caches/modules-2/files-2.1/org.jetbrains.kotlin/kotlin-stdlib/1.2.0/25eb440d6eeb9fc60299121020fe726eb2100d03/kotlin-stdlib-1.2.0.jar
7f0362cc4000-7f0362cc5000 r--s 00000000 fd:00 12330701                   /root/.gradle/caches/modules-2/files-2.1/org.jetbrains.kotlin/kotlin-stdlib-jre7/1.2.0/ec8b969e26fbcf2265a4d1a1539c4d1d4c5af380/kotlin-stdlib-jre7-1.2.0.jar
7f0362cc5000-7f0362cc6000 r--s 00001000 fd:00 12331714                   /root/.gradle/caches/modules-2/files-2.1/com.android.tools/annotations/26.1.4/817d5238d9ea07b4b26d04e29e9bada2aacb7245/annotations-26.1.4.jar
7f0362cc6000-7f0362ccb000 r--s 00034000 fd:00 12330699                   /root/.gradle/caches/modules-2/files-2.1/com.google.code.gson/gson/2.7/751f548c85fa49f330cecbb1875893f971b33c4e/gson-2.7.jar
7f0362ccb000-7f0362ccd000 r--s 00015000 fd:00 12330698                   /root/.gradle/caches/modules-2/files-2.1/com.squareup/javapoet/1.8.0/e858dc62ef484048540d27d36f3ec2177a3fa9b1/javapoet-1.8.0.jar
7f0362ccd000-7f0362cd0000 r--s 00033000 fd:00 12329969                   /root/.gradle/caches/modules-2/files-2.1/com.googlecode.juniversalchardet/juniversalchardet/1.0.3/cd49678784c46aa8789c060538e0154013bb421b/juniversalchardet-1.0.3.jar
7f0362cd0000-7f0362cd4000 r--s 0002a000 fd:00 12329968                   /root/.gradle/caches/modules-2/files-2.1/commons-io/commons-io/2.4/b1b6ea3b7e4aa4f492509a4952029cd8e48019ad/commons-io-2.4.jar
7f0362cd4000-7f0362ceb000 r--s 00154000 fd:00 12329967                   /root/.gradle/caches/modules-2/files-2.1/org.antlr/antlr4/4.5.3/f35db7e4b2446e4174ba6a73db7bd6b3e6bb5da1/antlr4-4.5.3.jar
7f0362ceb000-7f0362cec000 r--s 00003000 fd:00 12331712                   /root/.gradle/caches/modules-2/files-2.1/com.android.databinding/baseLibrary/3.1.4/df1e7638ba852152abe964e86f60fa4ce12e6a6a/baseLibrary-3.1.4.jar
7f0362cec000-7f0362d20000 r--s 00239000 fd:00 12330696                   /root/.gradle/caches/modules-2/files-2.1/org.jetbrains.kotlin/kotlin-reflect/1.2.0/4bbda3b5425aa38a9f6960468a29c5ef3e8a28c9/kotlin-reflect-1.2.0.jar
7f0362d20000-7f0362e45000 r--s 00f5d000 fd:00 12330694                   /root/.gradle/caches/modules-2/files-2.1/it.unimi.dsi/fastutil/7.2.0/5ad3a2bb04143f70aa0765fc29fc29571a7d6b34/fastutil-7.2.0.jar
7f0362e45000-7f0362e90000 r--s 002ff000 fd:00 12330693                   /root/.gradle/caches/modules-2/files-2.1/org.bouncycastle/bcprov-jdk15on/1.56/a153c6f9744a3e9dd6feab5e210e1c9861362ec7/bcprov-jdk15on-1.56.jar
7f0362e90000-7f0362ea1000 r--s 00097000 fd:00 12330692                   /root/.gradle/caches/modules-2/files-2.1/org.bouncycastle/bcpkix-jdk15on/1.56/4648af70268b6fdb24674fb1fd7c1fcc73db1231/bcpkix-jdk15on-1.56.jar
7f0362ea1000-7f0362ea3000 r--s 00002000 fd:00 12329959                   /root/.gradle/caches/modules-2/files-2.1/com.squareup/javawriter/2.5.0/81241ff7078ef14f42ea2a8995fa09c096256e6b/javawriter-2.5.0.jar
7f0362ea3000-7f0362ea8000 r--s 0003f000 fd:00 12331710                   /root/.gradle/caches/modules-2/files-2.1/com.android.tools.build/apksig/3.1.4/e0c4d0059e68e9f64606dfa01e066f86dd07c6cb/apksig-3.1.4.jar
7f0362ea8000-7f0362eab000 r--s 00007000 fd:00 12331708                   /root/.gradle/caches/modules-2/files-2.1/com.android.tools.build/builder-model/3.1.4/f026c31b8228a84b62bb2fe0ac0544143e9ab27d/builder-model-3.1.4.jar
7f0362eab000-7f0362eba000 r--s 00143000 fd:00 12330688                   /root/.gradle/caches/modules-2/files-2.1/com.google.protobuf/protobuf-java/3.4.0/b32aba0cbe737a4ca953f71688725972e3ee927c/protobuf-java-3.4.0.jar
7f0362eba000-7f0362ed0000 r--s 001f6000 fd:00 12331713                   /root/.gradle/caches/modules-2/files-2.1/com.android.tools.analytics-library/protos/26.1.4/dc5876bb894d87d2088b0a4447b13fdc13ad82fc/protos-26.1.4.jar
7f0362ed0000-7f0362ed6000 r--s 0007f000 fd:00 12330686                   /root/.gradle/caches/modules-2/files-2.1/com.android.tools.build/aapt2-proto/0.1.0/d1eb93a21a8d3590c3bfac574a8b6dffb2dbd21c/aapt2-proto-0.1.0.jar
7f0362ed6000-7f0362f06000 r--s 00245000 fd:00 12330685                   /root/.gradle/caches/modules-2/files-2.1/com.google.guava/guava/22.0/3564ef3803de51fb0530a8377ec6100b33b0d073/guava-22.0.jar
7f0362f06000-7f0362f0a000 r--s 0002f000 fd:00 12329986                   /root/.gradle/caches/modules-2/files-2.1/com.google.jimfs/jimfs/1.1/8fbd0579dc68aba6186935cc1bee21d2f3e7ec1c/jimfs-1.1.jar
7f0362f0a000-7f0362f29000 r--s 0016b000 fd:00 12330678                   /root/.gradle/caches/modules-2/files-2.1/com.google.auto.value/auto-value/1.5.2/1b94ab7ec707e2220a0d1a7517488d1843236345/auto-value-1.5.2.jar
7f0362f29000-7f03630fb000 r--s 01889000 fd:00 12331711                   /root/.gradle/caches/modules-2/files-2.1/com.android.tools.build/builder/3.1.4/afbcd4b7002c61fe898b1b4c50ed9e62386125d8/builder-3.1.4.jar
7f03630fb000-7f03630fe000 ---p 00000000 00:00 0 
7f03630fe000-7f03631fc000 rw-p 00000000 00:00 0 
7f03631fc000-7f03631ff000 ---p 00000000 00:00 0 
7f03631ff000-7f03632fd000 rw-p 00000000 00:00 0 
7f03632fd000-7f0363300000 ---p 00000000 00:00 0 
7f0363300000-7f03633fe000 rw-p 00000000 00:00 0 
7f03633fe000-7f0363401000 ---p 00000000 00:00 0 
7f0363401000-7f03636ff000 rw-p 00000000 00:00 0 
7f03636ff000-7f0363702000 ---p 00000000 00:00 0 
7f0363702000-7f0363a00000 rw-p 00000000 00:00 0 
7f0363a00000-7f0363c00000 rw-p 00000000 00:00 0 
7f0363c00000-7f0363e00000 rw-p 00000000 00:00 0 
7f0363e00000-7f0364000000 rw-p 00000000 00:00 0 
7f0364000000-7f0364021000 rw-p 00000000 00:00 0 
7f0364021000-7f0368000000 ---p 00000000 00:00 0 
7f0368000000-7f0368001000 r--s 00003000 fd:00 12330695                   /root/.gradle/caches/modules-2/files-2.1/com.googlecode.json-simple/json-simple/1.1/5e303a03d04e6788dddfa3655272580ae0fc13bb/json-simple-1.1.jar
7f0368001000-7f0368002000 r--s 00002000 fd:00 12330689                   /root/.gradle/caches/modules-2/files-2.1/com.google.errorprone/error_prone_annotations/2.1.2/6dcc08f90f678ac33e5ef78c3c752b6f59e63e0c/error_prone_annotations-2.1.2.jar
7f0368002000-7f0368006000 r--s 00029000 fd:00 12331706                   /root/.gradle/caches/modules-2/files-2.1/com.android.tools/common/26.1.4/b70b6ef7188fe5a6ad6186f0efb22e536e483b9b/common-26.1.4.jar
7f0368006000-7f0368008000 r--s 00006000 fd:00 12331705                   /root/.gradle/caches/modules-2/files-2.1/com.android.tools/dvlib/26.1.4/5d443b51ad041e9599cfdb278cd2f6c9d2ccdf28/dvlib-26.1.4.jar
7f0368008000-7f036800b000 r--s 00014000 fd:00 12331704                   /root/.gradle/caches/modules-2/files-2.1/com.android.tools.layoutlib/layoutlib-api/26.1.4/dad1158a9fc38b711339960b82fd9dcf32009e46/layoutlib-api-26.1.4.jar
7f036800b000-7f036800c000 r--s 00005000 fd:00 12331703                   /root/.gradle/caches/modules-2/files-2.1/com.android.tools.analytics-library/shared/26.1.4/2a285c67f4b421145e47849d4114f7534707156/shared-26.1.4.jar
7f036800c000-7f036800e000 r--s 00004000 fd:00 12331702                   /root/.gradle/caches/modules-2/files-2.1/com.android.tools.analytics-library/tracker/26.1.4/fd48066d6c78b78abf5baa335dc2124060e8371c/tracker-26.1.4.jar
7f036800e000-7f0368014000 r--s 0004d000 fd:00 12331701                   /root/.gradle/caches/modules-2/files-2.1/com.android.tools.ddms/ddmlib/26.1.4/c11fa14b583412aaa9262461299318207439156d/ddmlib-26.1.4.jar
7f0368014000-7f0368015000 r--s 00003000 fd:00 12331700                   /root/.gradle/caches/modules-2/files-2.1/com.android.tools.build/builder-test-api/3.1.4/e48338f64f1c8fbef8329eb6d899fb6378fca604/builder-test-api-3.1.4.jar
7f0368015000-7f0368017000 r--s 0000f000 fd:00 12330676                   /root/.gradle/caches/modules-2/files-2.1/com.google.protobuf/protobuf-java-util/3.4.0/96aba8ab71c16018c6adf66771ce15c6491bc0fe/protobuf-java-util-3.4.0.jar
7f0368017000-7f0368019000 r--s 00002000 fd:00 12330675                   /root/.gradle/caches/modules-2/files-2.1/net.sf.proguard/proguard-gradle/5.3.3/ad23a0505f58d0dfc95bb1472decc397460406c9/proguard-gradle-5.3.3.jar
7f0368019000-7f036801b000 r--s 0000f000 fd:00 12329944                   /root/.gradle/caches/modules-2/files-2.1/net.sf.jopt-simple/jopt-simple/4.9/ee9e9eaa0a35360dcfeac129ff4923215fd65904/jopt-simple-4.9.jar
7f036801b000-7f036801d000 r--s 0000c000 fd:00 12330674                   /root/.gradle/caches/modules-2/files-2.1/org.ow2.asm/asm/5.1/5ef31c4fe953b1fd00b8a88fa1d6820e8785bb45/asm-5.1.jar
7f036801d000-7f036801f000 r--s 00006000 fd:00 12330673                   /root/.gradle/caches/modules-2/files-2.1/org.ow2.asm/asm-tree/5.1/87b38c12a0ea645791ead9d3e74ae5268d1d6c34/asm-tree-5.1.jar
7f036801f000-7f0368020000 r--s 0000a000 fd:00 12330672                   /root/.gradle/caches/modules-2/files-2.1/org.ow2.asm/asm-util/5.1/b60e33a6bd0d71831e0c249816d01e6c1dd90a47/asm-util-5.1.jar
7f0368020000-7f0368022000 r--s 0000a000 fd:00 12330671                   /root/.gradle/caches/modules-2/files-2.1/org.ow2.asm/asm-commons/5.1/25d8a575034dd9cfcb375a39b5334f0ba9c8474e/asm-commons-5.1.jar
7f0368022000-7f0368023000 r--s 00004000 fd:00 12330670                   /root/.gradle/caches/modules-2/files-2.1/org.ow2.asm/asm-analysis/5.1/6d1bf8989fc7901f868bee3863c44f21aa63d110/asm-analysis-5.1.jar
7f0368023000-7f0368024000 r--s 00000000 fd:00 12329936                   /root/.gradle/caches/modules-2/files-2.1/com.android.tools.build/transform-api/2.0.0-deprecated-use-gradle-api/85bee1acea9e27152b920746c68133b30b11431/transform-api-2.0.0-deprecated-use-gradle-api.jar
7f0368024000-7f0368025000 r--s 00002000 fd:00 12330668                   /root/.gradle/caches/modules-2/files-2.1/org.jetbrains.kotlin/kotlin-stdlib-jre8/1.2.0/505f55b9619bbc5f5e26c77427dd24a6a441eef1/kotlin-stdlib-jre8-1.2.0.jar
7f0368025000-7f036802b000 r--s 00030000 fd:00 12331699                   /root/.gradle/caches/modules-2/files-2.1/com.android.tools/repository/26.1.4/349dfc72ae53dedc32a17f5d47440838fe2527f1/repository-26.1.4.jar
7f036802b000-7f0368035000 r--s 0009c000 fd:00 12331698                   /root/.gradle/caches/modules-2/files-2.1/com.android.tools/sdklib/26.1.4/7424640f2bd3ca3faccb6f656e29547430cd464a/sdklib-26.1.4.jar
7f0368035000-7f0368047000 r--s 0010b000 fd:00 12331697                   /root/.gradle/caches/modules-2/files-2.1/com.android.tools/sdk-common/26.1.4/5dbdefb2dc6cb5ba1b4b059bf11c964a830c5755/sdk-common-26.1.4.jar
7f0368047000-7f036804a000 r--s 0002a000 fd:00 12331695                   /root/.gradle/caches/modules-2/files-2.1/com.android.tools.build/manifest-merger/26.1.4/ddb4dcb3bb44c7053fa583967dfa9030f43f1c01/manifest-merger-26.1.4.jar
7f036804a000-7f0368050000 r--s 00040000 fd:00 12331694                   /root/.gradle/caches/modules-2/files-2.1/com.android.databinding/compilerCommon/3.1.4/11005423fee93309c0cd512a8783647702c20c27/compilerCommon-3.1.4.jar
7f0368050000-7f0368054000 r--s 00013000 fd:00 12331693                   /root/.gradle/caches/modules-2/files-2.1/com.android.tools.build/gradle-api/3.1.4/eb41dfb5596afd8933c804595ca8596952fad450/gradle-api-3.1.4.jar
7f0368054000-7f0368055000 r--s 00004000 fd:00 12331715                   /root/.gradle/caches/modules-2/files-2.1/com.android.tools.lint/lint-gradle-api/26.1.4/cbc00782604b7d0ad50e9c50b84b074af79394f0/lint-gradle-api-26.1.4.jar
7f0368055000-7f036805c000 r--s 00069000 fd:00 12330657                   /root/.gradle/caches/modules-2/files-2.1/com.android.tools.build/bundletool/0.1.0-alpha01/f7c303e37818223bd98566fcbea29aa0964c4d06/bundletool-0.1.0-alpha01.jar
7f036805c000-7f0368086000 r--s 0027e000 fd:00 12331696                   /root/.gradle/caches/modules-2/files-2.1/com.android.tools.build/gradle-core/3.1.4/4c846d065331c2a11ed605619613833a842a7b8d/gradle-core-3.1.4.jar
7f0368086000-7f0368089000 r--s 0001a000 fd:00 12331691                   /root/.gradle/caches/modules-2/files-2.1/com.android.tools.build/gradle/3.1.4/8f9a726f69c0c8fa3f447566717a21e6b394ed9/gradle-3.1.4.jar
7f0368089000-7f0368289000 rw-p 00000000 00:00 0 
7f0368289000-7f0368489000 rw-p 00000000 00:00 0 
7f0368489000-7f0368502000 r--s 010f9000 fd:00 14425053                   /usr/lib/jvm/java-8-oracle/lib/tools.jar
7f0368502000-7f0368505000 ---p 00000000 00:00 0 
7f0368505000-7f0368803000 rw-p 00000000 00:00 0 
7f0368803000-7f0368806000 ---p 00000000 00:00 0 
7f0368806000-7f0368904000 rw-p 00000000 00:00 0 
7f0368904000-7f0368907000 ---p 00000000 00:00 0 
7f0368907000-7f0368a05000 rw-p 00000000 00:00 0 
7f0368a05000-7f0368a08000 ---p 00000000 00:00 0 
7f0368a08000-7f0368b06000 rw-p 00000000 00:00 0 
7f0368b06000-7f0368b09000 ---p 00000000 00:00 0 
7f0368b09000-7f0368e07000 rw-p 00000000 00:00 0 
7f0368e07000-7f0368e0a000 ---p 00000000 00:00 0 
7f0368e0a000-7f0368f08000 rw-p 00000000 00:00 0 
7f0368f08000-7f0368f0b000 ---p 00000000 00:00 0 
7f0368f0b000-7f0369009000 rw-p 00000000 00:00 0 
7f0369009000-7f036900c000 ---p 00000000 00:00 0 
7f036900c000-7f036910a000 rw-p 00000000 00:00 0 
7f036910a000-7f036910d000 ---p 00000000 00:00 0 
7f036910d000-7f036920b000 rw-p 00000000 00:00 0 
7f036920b000-7f036920e000 ---p 00000000 00:00 0 
7f036920e000-7f036930c000 rw-p 00000000 00:00 0 
7f036930c000-7f0369313000 r--s 00000000 fd:00 14551844                   /usr/lib/x86_64-linux-gnu/gconv/gconv-modules.cache
7f0369313000-7f0369316000 ---p 00000000 00:00 0 
7f0369316000-7f0369414000 rw-p 00000000 00:00 0 
7f0369414000-7f0369419000 r--s 0009d000 fd:00 14555560                   /usr/lib/jvm/java-8-oracle/jre/lib/jsse.jar
7f0369419000-7f0369619000 rw-p 00000000 00:00 0 
7f0369619000-7f036961c000 ---p 00000000 00:00 0 
7f036961c000-7f036971a000 rw-p 00000000 00:00 0 
7f036971a000-7f0369723000 r-xp 00000000 fd:00 14555727                   /usr/lib/jvm/java-8-oracle/jre/lib/amd64/libmanagement.so
7f0369723000-7f0369922000 ---p 00009000 fd:00 14555727                   /usr/lib/jvm/java-8-oracle/jre/lib/amd64/libmanagement.so
7f0369922000-7f0369923000 rw-p 00008000 fd:00 14555727                   /usr/lib/jvm/java-8-oracle/jre/lib/amd64/libmanagement.so
7f0369923000-7f0369925000 r--s 00007000 fd:00 9180615                    /root/.gradle/wrapper/dists/gradle-4.4-all/9br9xq1tocpiv8o6njlyu5op1/gradle-4.4/lib/plugins/gradle-tooling-api-builders-4.4.jar
7f0369925000-7f0369929000 r--s 00014000 fd:00 9180600                    /root/.gradle/wrapper/dists/gradle-4.4-all/9br9xq1tocpiv8o6njlyu5op1/gradle-4.4/lib/plugins/gradle-testing-native-4.4.jar
7f0369929000-7f036992b000 r--s 00009000 fd:00 9180704                    /root/.gradle/wrapper/dists/gradle-4.4-all/9br9xq1tocpiv8o6njlyu5op1/gradle-4.4/lib/plugins/hamcrest-core-1.3.jar
7f036992b000-7f0369930000 r--s 0005a000 fd:00 9180661                    /root/.gradle/wrapper/dists/gradle-4.4-all/9br9xq1tocpiv8o6njlyu5op1/gradle-4.4/lib/plugins/bsh-2.0b6.jar
7f0369930000-7f0369932000 r--s 00006000 fd:00 9180700                    /root/.gradle/wrapper/dists/gradle-4.4-all/9br9xq1tocpiv8o6njlyu5op1/gradle-4.4/lib/plugins/jcommander-1.12.jar
7f0369932000-7f0369938000 r--s 00033000 fd:00 9180701                    /root/.gradle/wrapper/dists/gradle-4.4-all/9br9xq1tocpiv8o6njlyu5op1/gradle-4.4/lib/plugins/snakeyaml-1.6.jar
7f0369938000-7f0369941000 r--s 00089000 fd:00 9180659                    /root/.gradle/wrapper/dists/gradle-4.4-all/9br9xq1tocpiv8o6njlyu5op1/gradle-4.4/lib/plugins/testng-6.3.1.jar
7f0369941000-7f0369949000 r--s 00045000 fd:00 9180660                    /root/.gradle/wrapper/dists/gradle-4.4-all/9br9xq1tocpiv8o6njlyu5op1/gradle-4.4/lib/plugins/junit-4.12.jar
7f0369949000-7f036994d000 r--s 00019000 fd:00 9180621                    /root/.gradle/wrapper/dists/gradle-4.4-all/9br9xq1tocpiv8o6njlyu5op1/gradle-4.4/lib/plugins/gradle-testing-jvm-4.4.jar
7f036994d000-7f0369955000 r--s 00030000 fd:00 9180627                    /root/.gradle/wrapper/dists/gradle-4.4-all/9br9xq1tocpiv8o6njlyu5op1/gradle-4.4/lib/plugins/gradle-testing-base-4.4.jar
7f0369955000-7f036995c000 r--s 00043000 fd:00 9180654                    /root/.gradle/wrapper/dists/gradle-4.4-all/9br9xq1tocpiv8o6njlyu5op1/gradle-4.4/lib/plugins/bcpg-jdk15on-1.58.jar
7f036995c000-7f036995e000 r--s 0000c000 fd:00 9180598                    /root/.gradle/wrapper/dists/gradle-4.4-all/9br9xq1tocpiv8o6njlyu5op1/gradle-4.4/lib/plugins/gradle-signing-4.4.jar
7f036995e000-7f0369960000 r--s 00007000 fd:00 9180606                    /root/.gradle/wrapper/dists/gradle-4.4-all/9br9xq1tocpiv8o6njlyu5op1/gradle-4.4/lib/plugins/gradle-scala-4.4.jar
7f0369960000-7f0369961000 r--s 00004000 fd:00 9180637                    /root/.gradle/wrapper/dists/gradle-4.4-all/9br9xq1tocpiv8o6njlyu5op1/gradle-4.4/lib/plugins/gradle-resources-sftp-4.4.jar
7f0369961000-7f036996f000 r--s 00087000 fd:00 9180669                    /root/.gradle/wrapper/dists/gradle-4.4-all/9br9xq1tocpiv8o6njlyu5op1/gradle-4.4/lib/plugins/aws-java-sdk-core-1.11.6.jar
7f036996f000-7f0369976000 r--s 00057000 fd:00 9180668                    /root/.gradle/wrapper/dists/gradle-4.4-all/9br9xq1tocpiv8o6njlyu5op1/gradle-4.4/lib/plugins/aws-java-sdk-kms-1.11.6.jar
7f0369976000-7f0369983000 r--s 0008e000 fd:00 9180667                    /root/.gradle/wrapper/dists/gradle-4.4-all/9br9xq1tocpiv8o6njlyu5op1/gradle-4.4/lib/plugins/aws-java-sdk-s3-1.11.6.jar
7f0369983000-7f0369985000 r--s 00004000 fd:00 9180632                    /root/.gradle/wrapper/dists/gradle-4.4-all/9br9xq1tocpiv8o6njlyu5op1/gradle-4.4/lib/plugins/gradle-resources-s3-4.4.jar
7f0369985000-7f0369995000 r--s 00088000 fd:00 9180673                    /root/.gradle/wrapper/dists/gradle-4.4-all/9br9xq1tocpiv8o6njlyu5op1/gradle-4.4/lib/plugins/joda-time-2.8.2.jar
7f0369995000-7f03699a7000 r--s 0011e000 fd:00 9180672                    /root/.gradle/wrapper/dists/gradle-4.4-all/9br9xq1tocpiv8o6njlyu5op1/gradle-4.4/lib/plugins/jackson-databind-2.8.9.jar
7f03699a7000-7f03699aa000 r--s 0000b000 fd:00 9180671                    /root/.gradle/wrapper/dists/gradle-4.4-all/9br9xq1tocpiv8o6njlyu5op1/gradle-4.4/lib/plugins/jackson-annotations-2.8.9.jar
7f03699aa000-7f03699ae000 r--s 00042000 fd:00 9180670                    /root/.gradle/wrapper/dists/gradle-4.4-all/9br9xq1tocpiv8o6njlyu5op1/gradle-4.4/lib/plugins/jackson-core-2.8.9.jar
7f03699ae000-7f03699af000 r--s 00001000 fd:00 9180644                    /root/.gradle/wrapper/dists/gradle-4.4-all/9br9xq1tocpiv8o6njlyu5op1/gradle-4.4/lib/plugins/google-http-client-jackson2-1.22.0.jar
7f03699af000-7f03699b8000 r--s 0004f000 fd:00 9180645                    /root/.gradle/wrapper/dists/gradle-4.4-all/9br9xq1tocpiv8o6njlyu5op1/gradle-4.4/lib/plugins/google-http-client-1.22.0.jar
7f03699b8000-7f03699ba000 r--s 0000d000 fd:00 9180643                    /root/.gradle/wrapper/dists/gradle-4.4-all/9br9xq1tocpiv8o6njlyu5op1/gradle-4.4/lib/plugins/google-oauth-client-1.22.0.jar
7f03699ba000-7f03699bf000 r--s 0002c000 fd:00 9180642                    /root/.gradle/wrapper/dists/gradle-4.4-all/9br9xq1tocpiv8o6njlyu5op1/gradle-4.4/lib/plugins/google-api-client-1.22.0.jar
7f03699bf000-7f03699c2000 r--s 00016000 fd:00 9180641                    /root/.gradle/wrapper/dists/gradle-4.4-all/9br9xq1tocpiv8o6njlyu5op1/gradle-4.4/lib/plugins/google-api-services-storage-v1-rev78-1.22.0.jar
7f03699c2000-7f03699c4000 r--s 00003000 fd:00 9180633                    /root/.gradle/wrapper/dists/gradle-4.4-all/9br9xq1tocpiv8o6njlyu5op1/gradle-4.4/lib/plugins/gradle-resources-gcs-4.4.jar
7f03699c4000-7f03699c6000 r--s 00010000 fd:00 9180628                    /root/.gradle/wrapper/dists/gradle-4.4-all/9br9xq1tocpiv8o6njlyu5op1/gradle-4.4/lib/plugins/gradle-reporting-4.4.jar
7f03699c6000-7f03699c8000 r--s 00005000 fd:00 9180629                    /root/.gradle/wrapper/dists/gradle-4.4-all/9br9xq1tocpiv8o6njlyu5op1/gradle-4.4/lib/plugins/gradle-publish-4.4.jar
7f03699c8000-7f03699ca000 r--s 00009000 fd:00 9180647                    /root/.gradle/wrapper/dists/gradle-4.4-all/9br9xq1tocpiv8o6njlyu5op1/gradle-4.4/lib/plugins/commons-cli-1.2.jar
7f03699ca000-7f03699d0000 r--s 00038000 fd:00 9180614                    /root/.gradle/wrapper/dists/gradle-4.4-all/9br9xq1tocpiv8o6njlyu5op1/gradle-4.4/lib/plugins/gradle-plugins-4.4.jar
7f03699d0000-7f03699d2000 r--s 00009000 fd:00 9180602                    /root/.gradle/wrapper/dists/gradle-4.4-all/9br9xq1tocpiv8o6njlyu5op1/gradle-4.4/lib/plugins/gradle-plugin-development-4.4.jar
7f03699d2000-7f03699d9000 r--s 0002e000 fd:00 9180609                    /root/.gradle/wrapper/dists/gradle-4.4-all/9br9xq1tocpiv8o6njlyu5op1/gradle-4.4/lib/plugins/gradle-platform-play-4.4.jar
7f03699d9000-7f03699ea000 r--s 00069000 fd:00 9180625                    /root/.gradle/wrapper/dists/gradle-4.4-all/9br9xq1tocpiv8o6njlyu5op1/gradle-4.4/lib/plugins/gradle-platform-native-4.4.jar
7f03699ea000-7f03699ee000 r--s 0001b000 fd:00 9180624                    /root/.gradle/wrapper/dists/gradle-4.4-all/9br9xq1tocpiv8o6njlyu5op1/gradle-4.4/lib/plugins/gradle-platform-jvm-4.4.jar
7f03699ee000-7f03699f5000 r--s 00028000 fd:00 9180630                    /root/.gradle/wrapper/dists/gradle-4.4-all/9br9xq1tocpiv8o6njlyu5op1/gradle-4.4/lib/plugins/gradle-platform-base-4.4.jar
7f03699f5000-7f0369a20000 r--s 00247000 fd:00 9180648                    /root/.gradle/wrapper/dists/gradle-4.4-all/9br9xq1tocpiv8o6njlyu5op1/gradle-4.4/lib/plugins/biz.aQute.bndlib-3.4.0.jar
7f0369a20000-7f0369a21000 r--s 00004000 fd:00 9180597                    /root/.gradle/wrapper/dists/gradle-4.4-all/9br9xq1tocpiv8o6njlyu5op1/gradle-4.4/lib/plugins/gradle-osgi-4.4.jar
7f0369a21000-7f0369a24000 r--s 0000c000 fd:00 9180651                    /root/.gradle/wrapper/dists/gradle-4.4-all/9br9xq1tocpiv8o6njlyu5op1/gradle-4.4/lib/plugins/pmaven-groovy-0.8-20100325.jar
7f0369a24000-7f0369a25000 r--s 00004000 fd:00 9180650                    /root/.gradle/wrapper/dists/gradle-4.4-all/9br9xq1tocpiv8o6njlyu5op1/gradle-4.4/lib/plugins/pmaven-common-0.8-20100325.jar
7f0369a25000-7f0369a2b000 r--s 00025000 fd:00 9180603                    /root/.gradle/wrapper/dists/gradle-4.4-all/9br9xq1tocpiv8o6njlyu5op1/gradle-4.4/lib/plugins/gradle-maven-4.4.jar
7f0369a2b000-7f0369a2e000 r--s 0000b000 fd:00 9180620                    /root/.gradle/wrapper/dists/gradle-4.4-all/9br9xq1tocpiv8o6njlyu5op1/gradle-4.4/lib/plugins/gradle-language-scala-4.4.jar
7f0369a2e000-7f0369a37000 r--s 00036000 fd:00 9180601                    /root/.gradle/wrapper/dists/gradle-4.4-all/9br9xq1tocpiv8o6njlyu5op1/gradle-4.4/lib/plugins/gradle-language-native-4.4.jar
7f0369a37000-7f0369a39000 r--s 00005000 fd:00 9180623                    /root/.gradle/wrapper/dists/gradle-4.4-all/9br9xq1tocpiv8o6njlyu5op1/gradle-4.4/lib/plugins/gradle-language-jvm-4.4.jar
7f0369a39000-7f0369a40000 r--s 00030000 fd:00 9180622                    /root/.gradle/wrapper/dists/gradle-4.4-all/9br9xq1tocpiv8o6njlyu5op1/gradle-4.4/lib/plugins/gradle-language-java-4.4.jar
7f0369a40000-7f0369a43000 r--s 0000a000 fd:00 9180619                    /root/.gradle/wrapper/dists/gradle-4.4-all/9br9xq1tocpiv8o6njlyu5op1/gradle-4.4/lib/plugins/gradle-language-groovy-4.4.jar
7f0369a43000-7f0369a4a000 r--s 00035000 fd:00 9180657                    /root/.gradle/wrapper/dists/gradle-4.4-all/9br9xq1tocpiv8o6njlyu5op1/gradle-4.4/lib/plugins/simple-4.1.21.jar
7f0369a4a000-7f0369a56000 r--s 00100000 fd:00 9180655                    /root/.gradle/wrapper/dists/gradle-4.4-all/9br9xq1tocpiv8o6njlyu5op1/gradle-4.4/lib/plugins/rhino-1.7R3.jar
7f0369a56000-7f0369a5a000 r--s 00011000 fd:00 9180610                    /root/.gradle/wrapper/dists/gradle-4.4-all/9br9xq1tocpiv8o6njlyu5op1/gradle-4.4/lib/plugins/gradle-javascript-4.4.jar
7f0369a5a000-7f0369a5d000 r--s 00011000 fd:00 9180612                    /root/.gradle/wrapper/dists/gradle-4.4-all/9br9xq1tocpiv8o6njlyu5op1/gradle-4.4/lib/plugins/gradle-jacoco-4.4.jar
7f0369a5d000-7f0369a61000 r--s 0000e000 fd:00 9180611                    /root/.gradle/wrapper/dists/gradle-4.4-all/9br9xq1tocpiv8o6njlyu5op1/gradle-4.4/lib/plugins/gradle-ivy-4.4.jar
7f0369a61000-7f0369a62000 r--s 00002000 fd:00 9180604                    /root/.gradle/wrapper/dists/gradle-4.4-all/9br9xq1tocpiv8o6njlyu5op1/gradle-4.4/lib/plugins/gradle-ide-play-4.4.jar
7f0369a62000-7f0369a63000 r--s 00011000 fd:00 9180658                    /root/.gradle/wrapper/dists/gradle-4.4-all/9br9xq1tocpiv8o6njlyu5op1/gradle-4.4/lib/plugins/dd-plist-1.20.jar
7f0369a63000-7f0369a69000 r--s 00027000 fd:00 9180599                    /root/.gradle/wrapper/dists/gradle-4.4-all/9br9xq1tocpiv8o6njlyu5op1/gradle-4.4/lib/plugins/gradle-ide-native-4.4.jar
7f0369a69000-7f0369a73000 r--s 00056000 fd:00 9180605                    /root/.gradle/wrapper/dists/gradle-4.4-all/9br9xq1tocpiv8o6njlyu5op1/gradle-4.4/lib/plugins/gradle-ide-4.4.jar
7f0369a73000-7f0369a75000 r--s 00007000 fd:00 9180608                    /root/.gradle/wrapper/dists/gradle-4.4-all/9br9xq1tocpiv8o6njlyu5op1/gradle-4.4/lib/plugins/gradle-ear-4.4.jar
7f0369a75000-7f0369a77000 r--s 00005000 fd:00 9180640                    /root/.gradle/wrapper/dists/gradle-4.4-all/9br9xq1tocpiv8o6njlyu5op1/gradle-4.4/lib/plugins/jatl-0.2.2.jar
7f0369a77000-7f0369a7d000 r--s 00039000 fd:00 9180626                    /root/.gradle/wrapper/dists/gradle-4.4-all/9br9xq1tocpiv8o6njlyu5op1/gradle-4.4/lib/plugins/gradle-diagnostics-4.4.jar
7f0369a7d000-7f0369a7f000 r--s 0000b000 fd:00 9180617                    /root/.gradle/wrapper/dists/gradle-4.4-all/9br9xq1tocpiv8o6njlyu5op1/gradle-4.4/lib/plugins/gradle-composite-builds-4.4.jar
7f0369a7f000-7f0369a84000 r--s 00026000 fd:00 9180595                    /root/.gradle/wrapper/dists/gradle-4.4-all/9br9xq1tocpiv8o6njlyu5op1/gradle-4.4/lib/plugins/gradle-code-quality-4.4.jar
7f0369a84000-7f0369a89000 r--s 00022000 fd:00 9180613                    /root/.gradle/wrapper/dists/gradle-4.4-all/9br9xq1tocpiv8o6njlyu5op1/gradle-4.4/lib/plugins/gradle-build-init-4.4.jar
7f0369a89000-7f0369a90000 r--s 0005d000 fd:00 9180607                    /root/.gradle/wrapper/dists/gradle-4.4-all/9br9xq1tocpiv8o6njlyu5op1/gradle-4.4/lib/plugins/gradle-build-comparison-4.4.jar
7f0369a90000-7f0369a91000 r--s 00002000 fd:00 9180634                    /root/.gradle/wrapper/dists/gradle-4.4-all/9br9xq1tocpiv8o6njlyu5op1/gradle-4.4/lib/plugins/gradle-build-cache-http-4.4.jar
7f0369a91000-7f0369a93000 r--s 00008000 fd:00 9180596                    /root/.gradle/wrapper/dists/gradle-4.4-all/9br9xq1tocpiv8o6njlyu5op1/gradle-4.4/lib/plugins/gradle-antlr-4.4.jar
7f0369a93000-7f0369a95000 r--s 00004000 fd:00 9180618                    /root/.gradle/wrapper/dists/gradle-4.4-all/9br9xq1tocpiv8o6njlyu5op1/gradle-4.4/lib/plugins/gradle-announce-4.4.jar
7f0369a95000-7f0369a97000 r--s 00009000 fd:00 9052342                    /root/.gradle/wrapper/dists/gradle-4.4-all/9br9xq1tocpiv8o6njlyu5op1/gradle-4.4/lib/gradle-kotlin-dsl-tooling-builders-0.13.1.jar
7f0369a97000-7f0369a9a000 r--s 0000b000 fd:00 9180631                    /root/.gradle/wrapper/dists/gradle-4.4-all/9br9xq1tocpiv8o6njlyu5op1/gradle-4.4/lib/plugins/gradle-plugin-use-4.4.jar
7f0369a9a000-7f0369a9b000 r--s 00000000 fd:00 9052351                    /root/.gradle/wrapper/dists/gradle-4.4-all/9br9xq1tocpiv8o6njlyu5op1/gradle-4.4/lib/gradle-runtime-api-info-4.4.jar
7f0369a9b000-7f0369a9e000 r--s 0001c000 fd:00 9180663                    /root/.gradle/wrapper/dists/gradle-4.4-all/9br9xq1tocpiv8o6njlyu5op1/gradle-4.4/lib/plugins/nekohtml-1.9.14.jar
7f0369a9e000-7f0369ab7000 r--s 00135000 fd:00 9180664                    /root/.gradle/wrapper/dists/gradle-4.4-all/9br9xq1tocpiv8o6njlyu5op1/gradle-4.4/lib/plugins/xercesImpl-2.11.0.jar
7f0369ab7000-7f0369aba000 r--s 0000c000 fd:00 9180636                    /root/.gradle/wrapper/dists/gradle-4.4-all/9br9xq1tocpiv8o6njlyu5op1/gradle-4.4/lib/plugins/gradle-resources-http-4.4.jar
7f0369aba000-7f0369ac1000 r--s 00049000 fd:00 9180702                    /root/.gradle/wrapper/dists/gradle-4.4-all/9br9xq1tocpiv8o6njlyu5op1/gradle-4.4/lib/plugins/httpcore-4.4.4.jar
7f0369ac1000-7f0369ac7000 r--s 00033000 fd:00 9180653                    /root/.gradle/wrapper/dists/gradle-4.4-all/9br9xq1tocpiv8o6njlyu5op1/gradle-4.4/lib/plugins/commons-codec-1.6.jar
7f0369ac7000-7f0369acd000 r--s 0005b000 fd:00 9180662                    /root/.gradle/wrapper/dists/gradle-4.4-all/9br9xq1tocpiv8o6njlyu5op1/gradle-4.4/lib/plugins/jcifs-1.3.17.jar
7f0369acd000-7f0369ada000 r--s 000a4000 fd:00 9180646                    /root/.gradle/wrapper/dists/gradle-4.4-all/9br9xq1tocpiv8o6njlyu5op1/gradle-4.4/lib/plugins/httpclient-4.4.1.jar
7f0369ada000-7f0369afd000 r--s 00223000 fd:00 9180703                    /root/.gradle/wrapper/dists/gradle-4.4-all/9br9xq1tocpiv8o6njlyu5op1/gradle-4.4/lib/plugins/org.eclipse.jgit-4.5.3.201708160445-r.jar
7f0369afd000-7f0369afe000 r--s 00005000 fd:00 9180639                    /root/.gradle/wrapper/dists/gradle-4.4-all/9br9xq1tocpiv8o6njlyu5op1/gradle-4.4/lib/plugins/gradle-version-control-4.4.jar
7f0369afe000-7f0369aff000 r--s 00000000 fd:00 9052354                    /root/.gradle/wrapper/dists/gradle-4.4-all/9br9xq1tocpiv8o6njlyu5op1/gradle-4.4/lib/gradle-installation-beacon-4.4.jar
7f0369aff000-7f0369b52000 r--s 00373000 fd:00 9180675                    /root/.gradle/wrapper/dists/gradle-4.4-all/9br9xq1tocpiv8o6njlyu5op1/gradle-4.4/lib/plugins/bcprov-jdk15on-1.58.jar
7f0369b52000-7f0369b56000 r--s 0001d000 fd:00 9180674                    /root/.gradle/wrapper/dists/gradle-4.4-all/9br9xq1tocpiv8o6njlyu5op1/gradle-4.4/lib/plugins/xbean-reflect-3.4.jar
7f0369b56000-7f0369b58000 r--s 0000a000 fd:00 9180676                    /root/.gradle/wrapper/dists/gradle-4.4-all/9br9xq1tocpiv8o6njlyu5op1/gradle-4.4/lib/plugins/maven-settings-3.0.4.jar
7f0369b58000-7f0369b5b000 r--s 00008000 fd:00 9180677                    /root/.gradle/wrapper/dists/gradle-4.4-all/9br9xq1tocpiv8o6njlyu5op1/gradle-4.4/lib/plugins/maven-settings-builder-3.0.4.jar
7f0369b5b000-7f0369b5e000 r--s 00034000 fd:00 9180678                    /root/.gradle/wrapper/dists/gradle-4.4-all/9br9xq1tocpiv8o6njlyu5op1/gradle-4.4/lib/plugins/plexus-utils-2.1.jar
7f0369b5e000-7f0369b60000 r--s 0000d000 fd:00 9180679                    /root/.gradle/wrapper/dists/gradle-4.4-all/9br9xq1tocpiv8o6njlyu5op1/gradle-4.4/lib/plugins/plexus-interpolation-1.14.jar
7f0369b60000-7f0369b62000 r--s 00000000 fd:00 9180652                    /root/.gradle/wrapper/dists/gradle-4.4-all/9br9xq1tocpiv8o6njlyu5op1/gradle-4.4/lib/plugins/plexus-component-annotations-1.5.5.jar
7f0369b62000-7f0369b69000 r--s 0002e000 fd:00 9180680                    /root/.gradle/wrapper/dists/gradle-4.4-all/9br9xq1tocpiv8o6njlyu5op1/gradle-4.4/lib/plugins/plexus-container-default-1.5.5.jar
7f0369b69000-7f0369b6b000 r--s 0000a000 fd:00 9180681                    /root/.gradle/wrapper/dists/gradle-4.4-all/9br9xq1tocpiv8o6njlyu5op1/gradle-4.4/lib/plugins/plexus-classworlds-2.4.jar
7f0369b6b000-7f0369b6d000 r--s 00002000 fd:00 9180682                    /root/.gradle/wrapper/dists/gradle-4.4-all/9br9xq1tocpiv8o6njlyu5op1/gradle-4.4/lib/plugins/plexus-cipher-1.7.jar
7f0369b6d000-7f0369b6e000 r--s 00006000 fd:00 9180683                    /root/.gradle/wrapper/dists/gradle-4.4-all/9br9xq1tocpiv8o6njlyu5op1/gradle-4.4/lib/plugins/plexus-sec-dispatcher-1.3.jar
7f0369b6e000-7f0369b74000 r--s 0003f000 fd:00 9180684                    /root/.gradle/wrapper/dists/gradle-4.4-all/9br9xq1tocpiv8o6njlyu5op1/gradle-4.4/lib/plugins/maven-compat-3.0.4.jar
7f0369b74000-7f0369b78000 r--s 00021000 fd:00 9180685                    /root/.gradle/wrapper/dists/gradle-4.4-all/9br9xq1tocpiv8o6njlyu5op1/gradle-4.4/lib/plugins/maven-model-builder-3.0.4.jar
7f0369b78000-7f0369b7a000 r--s 00026000 fd:00 9180686                    /root/.gradle/wrapper/dists/gradle-4.4-all/9br9xq1tocpiv8o6njlyu5op1/gradle-4.4/lib/plugins/maven-model-3.0.4.jar
7f0369b7a000-7f0369b7c000 r--s 0000b000 fd:00 9180687                    /root/.gradle/wrapper/dists/gradle-4.4-all/9br9xq1tocpiv8o6njlyu5op1/gradle-4.4/lib/plugins/maven-artifact-3.0.4.jar
7f0369b7c000-7f0369b7e000 r--s 00006000 fd:00 9180688                    /root/.gradle/wrapper/dists/gradle-4.4-all/9br9xq1tocpiv8o6njlyu5op1/gradle-4.4/lib/plugins/maven-repository-metadata-3.0.4.jar
7f0369b7e000-7f0369b80000 r--s 0000b000 fd:00 9180689                    /root/.gradle/wrapper/dists/gradle-4.4-all/9br9xq1tocpiv8o6njlyu5op1/gradle-4.4/lib/plugins/maven-plugin-api-3.0.4.jar
7f0369b80000-7f0369b82000 r--s 0000c000 fd:00 9180690                    /root/.gradle/wrapper/dists/gradle-4.4-all/9br9xq1tocpiv8o6njlyu5op1/gradle-4.4/lib/plugins/maven-aether-provider-3.0.4.jar
7f0369b82000-7f0369b83000 r--s 00002000 fd:00 9180691                    /root/.gradle/wrapper/dists/gradle-4.4-all/9br9xq1tocpiv8o6njlyu5op1/gradle-4.4/lib/plugins/wagon-file-2.4.jar
7f0369b83000-7f0369b84000 r--s 00002000 fd:00 9180692                    /root/.gradle/wrapper/dists/gradle-4.4-all/9br9xq1tocpiv8o6njlyu5op1/gradle-4.4/lib/plugins/wagon-http-2.4.jar
7f0369b84000-7f0369b86000 r--s 0000b000 fd:00 9180693                    /root/.gradle/wrapper/dists/gradle-4.4-all/9br9xq1tocpiv8o6njlyu5op1/gradle-4.4/lib/plugins/wagon-provider-api-2.4.jar
7f0369b86000-7f0369b87000 r--s 00007000 fd:00 9180694                    /root/.gradle/wrapper/dists/gradle-4.4-all/9br9xq1tocpiv8o6njlyu5op1/gradle-4.4/lib/plugins/wagon-http-shared4-2.4.jar
7f0369b87000-7f0369b8a000 r--s 00013000 fd:00 9180695                    /root/.gradle/wrapper/dists/gradle-4.4-all/9br9xq1tocpiv8o6njlyu5op1/gradle-4.4/lib/plugins/aether-api-1.13.1.jar
7f0369b8a000-7f0369b8d000 r--s 0001d000 fd:00 9180696                    /root/.gradle/wrapper/dists/gradle-4.4-all/9br9xq1tocpiv8o6njlyu5op1/gradle-4.4/lib/plugins/aether-impl-1.13.1.jar
7f0369b8d000-7f0369b91000 r--s 0001c000 fd:00 9180698                    /root/.gradle/wrapper/dists/gradle-4.4-all/9br9xq1tocpiv8o6njlyu5op1/gradle-4.4/lib/plugins/aether-util-1.13.1.jar
7f0369b91000-7f0369b93000 r--s 00006000 fd:00 9180699                    /root/.gradle/wrapper/dists/gradle-4.4-all/9br9xq1tocpiv8o6njlyu5op1/gradle-4.4/lib/plugins/aether-connector-wagon-1.13.1.jar
7f0369b93000-7f0369b9f000 r--s 0007d000 fd:00 9180649                    /root/.gradle/wrapper/dists/gradle-4.4-all/9br9xq1tocpiv8o6njlyu5op1/gradle-4.4/lib/plugins/maven-core-3.0.4.jar
7f0369b9f000-7f0369bc5000 r--s 00133000 fd:00 9180635                    /root/.gradle/wrapper/dists/gradle-4.4-all/9br9xq1tocpiv8o6njlyu5op1/gradle-4.4/lib/plugins/gradle-dependency-management-4.4.jar
7f0369bc5000-7f0369bdc000 r-xp 00000000 fd:00 5903044                    /lib/x86_64-linux-gnu/libgcc_s.so.1
7f0369bdc000-7f0369ddb000 ---p 00017000 fd:00 5903044                    /lib/x86_64-linux-gnu/libgcc_s.so.1
7f0369ddb000-7f0369ddc000 r--p 00016000 fd:00 5903044                    /lib/x86_64-linux-gnu/libgcc_s.so.1
7f0369ddc000-7f0369ddd000 rw-p 00017000 fd:00 5903044                    /lib/x86_64-linux-gnu/libgcc_s.so.1
7f0369ddd000-7f0369f5b000 r-xp 00000000 fd:00 14295673                   /usr/lib/x86_64-linux-gnu/libstdc++.so.6.0.25
7f0369f5b000-7f036a15b000 ---p 0017e000 fd:00 14295673                   /usr/lib/x86_64-linux-gnu/libstdc++.so.6.0.25
7f036a15b000-7f036a165000 r--p 0017e000 fd:00 14295673                   /usr/lib/x86_64-linux-gnu/libstdc++.so.6.0.25
7f036a165000-7f036a167000 rw-p 00188000 fd:00 14295673                   /usr/lib/x86_64-linux-gnu/libstdc++.so.6.0.25
7f036a167000-7f036a16b000 rw-p 00000000 00:00 0 
7f036a16b000-7f036a16c000 r--s 00003000 fd:00 9180697                    /root/.gradle/wrapper/dists/gradle-4.4-all/9br9xq1tocpiv8o6njlyu5op1/gradle-4.4/lib/plugins/aether-spi-1.13.1.jar
7f036a16c000-7f036a171000 r--s 00034000 fd:00 9180656                    /root/.gradle/wrapper/dists/gradle-4.4-all/9br9xq1tocpiv8o6njlyu5op1/gradle-4.4/lib/plugins/gson-2.7.jar
7f036a171000-7f036a176000 r--s 00040000 fd:00 9180666                    /root/.gradle/wrapper/dists/gradle-4.4-all/9br9xq1tocpiv8o6njlyu5op1/gradle-4.4/lib/plugins/jsch-0.1.54.jar
7f036a176000-7f036a185000 r--s 000d9000 fd:00 9180665                    /root/.gradle/wrapper/dists/gradle-4.4-all/9br9xq1tocpiv8o6njlyu5op1/gradle-4.4/lib/plugins/ivy-2.2.0.jar
7f036a185000-7f036a188000 r--s 0000d000 fd:00 9180638                    /root/.gradle/wrapper/dists/gradle-4.4-all/9br9xq1tocpiv8o6njlyu5op1/gradle-4.4/lib/plugins/gradle-workers-4.4.jar
7f036a188000-7f036a18d000 r-xp 00000000 fd:00 8133252                    /root/.gradle/native/25/linux-amd64/libnative-platform.so
7f036a18d000-7f036a38c000 ---p 00005000 fd:00 8133252                    /root/.gradle/native/25/linux-amd64/libnative-platform.so
7f036a38c000-7f036a38d000 rw-p 00004000 fd:00 8133252                    /root/.gradle/native/25/linux-amd64/libnative-platform.so
7f036a38d000-7f036a39e000 r-xp 00000000 fd:00 14555722                   /usr/lib/jvm/java-8-oracle/jre/lib/amd64/libnio.so
7f036a39e000-7f036a59d000 ---p 00011000 fd:00 14555722                   /usr/lib/jvm/java-8-oracle/jre/lib/amd64/libnio.so
7f036a59d000-7f036a59e000 rw-p 00010000 fd:00 14555722                   /usr/lib/jvm/java-8-oracle/jre/lib/amd64/libnio.so
7f036a59e000-7f036a5b4000 r-xp 00000000 fd:00 14555719                   /usr/lib/jvm/java-8-oracle/jre/lib/amd64/libnet.so
7f036a5b4000-7f036a7b4000 ---p 00016000 fd:00 14555719                   /usr/lib/jvm/java-8-oracle/jre/lib/amd64/libnet.so
7f036a7b4000-7f036a7b5000 rw-p 00016000 fd:00 14555719                   /usr/lib/jvm/java-8-oracle/jre/lib/amd64/libnet.so
7f036a7b5000-7f036a7b6000 r--s 00006000 fd:00 9052353                    /root/.gradle/wrapper/dists/gradle-4.4-all/9br9xq1tocpiv8o6njlyu5op1/gradle-4.4/lib/gradle-wrapper-4.4.jar
7f036a7b6000-7f036a7c4000 r--s 00046000 fd:00 9052352                    /root/.gradle/wrapper/dists/gradle-4.4-all/9br9xq1tocpiv8o6njlyu5op1/gradle-4.4/lib/gradle-tooling-api-4.4.jar
7f036a7c4000-7f036a7c5000 r--s 00002000 fd:00 9052349                    /root/.gradle/wrapper/dists/gradle-4.4-all/9br9xq1tocpiv8o6njlyu5op1/gradle-4.4/lib/kotlin-stdlib-jre8-1.1.51.jar
7f036a7c5000-7f036a7c6000 r--s 00000000 fd:00 9052348                    /root/.gradle/wrapper/dists/gradle-4.4-all/9br9xq1tocpiv8o6njlyu5op1/gradle-4.4/lib/kotlin-stdlib-jre7-1.1.51.jar
7f036a7c6000-7f036a7d5000 r--s 000c9000 fd:00 9052347                    /root/.gradle/wrapper/dists/gradle-4.4-all/9br9xq1tocpiv8o6njlyu5op1/gradle-4.4/lib/kotlin-stdlib-1.1.51.jar
7f036a7d5000-7f036a7d7000 r--s 00002000 fd:00 9052346                    /root/.gradle/wrapper/dists/gradle-4.4-all/9br9xq1tocpiv8o6njlyu5op1/gradle-4.4/lib/kotlin-sam-with-receiver-compiler-plugin-1.1.51.jar
7f036a7d7000-7f036a80a000 r--s 0022b000 fd:00 9052345                    /root/.gradle/wrapper/dists/gradle-4.4-all/9br9xq1tocpiv8o6njlyu5op1/gradle-4.4/lib/kotlin-reflect-1.1.51.jar
7f036a80a000-7f036a9ec000 r--s 01a42000 fd:00 9052344                    /root/.gradle/wrapper/dists/gradle-4.4-all/9br9xq1tocpiv8o6njlyu5op1/gradle-4.4/lib/kotlin-compiler-embeddable-1.1.51.jar
7f036a9ec000-7f036a9ed000 r--s 00000000 fd:00 9052343                    /root/.gradle/wrapper/dists/gradle-4.4-all/9br9xq1tocpiv8o6njlyu5op1/gradle-4.4/lib/gradle-kotlin-dsl-tooling-models-0.13.1.jar
7f036a9ed000-7f036a9ef000 r--s 00003000 fd:00 9052340                    /root/.gradle/wrapper/dists/gradle-4.4-all/9br9xq1tocpiv8o6njlyu5op1/gradle-4.4/lib/annotations-13.0.jar
7f036a9ef000-7f036a9fa000 r--s 00082000 fd:00 9052341                    /root/.gradle/wrapper/dists/gradle-4.4-all/9br9xq1tocpiv8o6njlyu5op1/gradle-4.4/lib/gradle-kotlin-dsl-0.13.1.jar
7f036a9fa000-7f036a9fe000 r--s 00012000 fd:00 9052358                    /root/.gradle/wrapper/dists/gradle-4.4-all/9br9xq1tocpiv8o6njlyu5op1/gradle-4.4/lib/gradle-build-cache-4.4.jar
7f036a9fe000-7f036aa04000 r--s 0002e000 fd:00 9052362                    /root/.gradle/wrapper/dists/gradle-4.4-all/9br9xq1tocpiv8o6njlyu5op1/gradle-4.4/lib/gradle-persistent-cache-4.4.jar
7f036aa04000-7f036aa08000 r--s 00014000 fd:00 9052361                    /root/.gradle/wrapper/dists/gradle-4.4-all/9br9xq1tocpiv8o6njlyu5op1/gradle-4.4/lib/gradle-resources-4.4.jar
7f036aa08000-7f036aa09000 r--s 00003000 fd:00 9052369                    /root/.gradle/wrapper/dists/gradle-4.4-all/9br9xq1tocpiv8o6njlyu5op1/gradle-4.4/lib/gradle-build-option-4.4.jar
7f036aa09000-7f036aa0b000 r--s 00005000 fd:00 9052370                    /root/.gradle/wrapper/dists/gradle-4.4-all/9br9xq1tocpiv8o6njlyu5op1/gradle-4.4/lib/gradle-cli-4.4.jar
7f036aa0b000-7f036aa0d000 r--s 00003000 fd:00 9052377                    /root/.gradle/wrapper/dists/gradle-4.4-all/9br9xq1tocpiv8o6njlyu5op1/gradle-4.4/lib/jcl-over-slf4j-1.7.10.jar
7f036aa0d000-7f036aa0e000 r--s 00005000 fd:00 9052376                    /root/.gradle/wrapper/dists/gradle-4.4-all/9br9xq1tocpiv8o6njlyu5op1/gradle-4.4/lib/log4j-over-slf4j-1.7.10.jar
7f036aa0e000-7f036aa10000 r--s 00000000 fd:00 9052375                    /root/.gradle/wrapper/dists/gradle-4.4-all/9br9xq1tocpiv8o6njlyu5op1/gradle-4.4/lib/jul-to-slf4j-1.7.10.jar
7f036aa10000-7f036aa17000 r--s 0002f000 fd:00 9052359                    /root/.gradle/wrapper/dists/gradle-4.4-all/9br9xq1tocpiv8o6njlyu5op1/gradle-4.4/lib/gradle-logging-4.4.jar
7f036aa17000-7f036aa27000 r--s 00082000 fd:00 9052365                    /root/.gradle/wrapper/dists/gradle-4.4-all/9br9xq1tocpiv8o6njlyu5op1/gradle-4.4/lib/gradle-model-core-4.4.jar
7f036aa27000-7f036aa29000 r--s 00006000 fd:00 9052366                    /root/.gradle/wrapper/dists/gradle-4.4-all/9br9xq1tocpiv8o6njlyu5op1/gradle-4.4/lib/gradle-base-services-groovy-4.4.jar
7f036aa29000-7f036aa2b000 r--s 00007000 fd:00 9052364                    /root/.gradle/wrapper/dists/gradle-4.4-all/9br9xq1tocpiv8o6njlyu5op1/gradle-4.4/lib/gradle-model-groovy-4.4.jar
7f036aa2b000-7f036aa2c000 r--s 00002000 fd:00 9052390                    /root/.gradle/wrapper/dists/gradle-4.4-all/9br9xq1tocpiv8o6njlyu5op1/gradle-4.4/lib/gradle-docs-4.4.jar
7f036aa2c000-7f036aa35000 r--s 0002d000 fd:00 9052389                    /root/.gradle/wrapper/dists/gradle-4.4-all/9br9xq1tocpiv8o6njlyu5op1/gradle-4.4/lib/xml-apis-1.4.01.jar
7f036aa35000-7f036aa3f000 r--s 00078000 fd:00 9052388                    /root/.gradle/wrapper/dists/gradle-4.4-all/9br9xq1tocpiv8o6njlyu5op1/gradle-4.4/lib/commons-compress-1.14.jar
7f036aa3f000-7f036aa4c000 r--s 00083000 fd:00 9052386                    /root/.gradle/wrapper/dists/gradle-4.4-all/9br9xq1tocpiv8o6njlyu5op1/gradle-4.4/lib/commons-collections-3.2.2.jar
7f036aa4c000-7f036aa4d000 r--s 00000000 fd:00 9052385                    /root/.gradle/wrapper/dists/gradle-4.4-all/9br9xq1tocpiv8o6njlyu5op1/gradle-4.4/lib/javax.inject-1.jar
7f036aa4d000-7f036aabd000 r--s 00646000 fd:00 9052383                    /root/.gradle/wrapper/dists/gradle-4.4-all/9br9xq1tocpiv8o6njlyu5op1/gradle-4.4/lib/groovy-all-2.4.12.jar
7f036aabd000-7f036aac0000 r--s 00023000 fd:00 9052391                    /root/.gradle/wrapper/dists/gradle-4.4-all/9br9xq1tocpiv8o6njlyu5op1/gradle-4.4/lib/jansi-1.14.jar
7f036aac0000-7f036aac1000 r--s 00004000 fd:00 9052393                    /root/.gradle/wrapper/dists/gradle-4.4-all/9br9xq1tocpiv8o6njlyu5op1/gradle-4.4/lib/native-platform-freebsd-amd64-libcpp-0.14.jar
7f036aac1000-7f036aac2000 r--s 00004000 fd:00 9052394                    /root/.gradle/wrapper/dists/gradle-4.4-all/9br9xq1tocpiv8o6njlyu5op1/gradle-4.4/lib/native-platform-freebsd-amd64-libstdcpp-0.14.jar
7f036aac2000-7f036aac3000 r--s 00004000 fd:00 9052395                    /root/.gradle/wrapper/dists/gradle-4.4-all/9br9xq1tocpiv8o6njlyu5op1/gradle-4.4/lib/native-platform-freebsd-i386-libcpp-0.14.jar
7f036aac3000-7f036aac4000 r--s 00003000 fd:00 9052396                    /root/.gradle/wrapper/dists/gradle-4.4-all/9br9xq1tocpiv8o6njlyu5op1/gradle-4.4/lib/native-platform-freebsd-i386-libstdcpp-0.14.jar
7f036aac4000-7f036aac5000 r--s 00002000 fd:00 9052397                    /root/.gradle/wrapper/dists/gradle-4.4-all/9br9xq1tocpiv8o6njlyu5op1/gradle-4.4/lib/native-platform-linux-amd64-0.14.jar
7f036aac5000-7f036aac6000 r--s 00002000 fd:00 9052398                    /root/.gradle/wrapper/dists/gradle-4.4-all/9br9xq1tocpiv8o6njlyu5op1/gradle-4.4/lib/native-platform-linux-i386-0.14.jar
7f036aac6000-7f036aac8000 r--s 00002000 fd:00 9052399                    /root/.gradle/wrapper/dists/gradle-4.4-all/9br9xq1tocpiv8o6njlyu5op1/gradle-4.4/lib/native-platform-osx-amd64-0.14.jar
7f036aac8000-7f036aac9000 r--s 00003000 fd:00 9052400                    /root/.gradle/wrapper/dists/gradle-4.4-all/9br9xq1tocpiv8o6njlyu5op1/gradle-4.4/lib/native-platform-osx-i386-0.14.jar
7f036aac9000-7f036aacb000 r--s 0000b000 fd:00 9052401                    /root/.gradle/wrapper/dists/gradle-4.4-all/9br9xq1tocpiv8o6njlyu5op1/gradle-4.4/lib/native-platform-windows-amd64-0.14.jar
7f036aacb000-7f036aacc000 r--s 0000b000 fd:00 9052402                    /root/.gradle/wrapper/dists/gradle-4.4-all/9br9xq1tocpiv8o6njlyu5op1/gradle-4.4/lib/native-platform-windows-i386-0.14.jar
7f036aacc000-7f036aacd000 r--s 00001000 fd:00 9052403                    /root/.gradle/wrapper/dists/gradle-4.4-all/9br9xq1tocpiv8o6njlyu5op1/gradle-4.4/lib/native-platform-linux-amd64-ncurses5-0.14.jar
7f036aacd000-7f036aace000 r--s 00001000 fd:00 9052404                    /root/.gradle/wrapper/dists/gradle-4.4-all/9br9xq1tocpiv8o6njlyu5op1/gradle-4.4/lib/native-platform-linux-amd64-ncurses6-0.14.jar
7f036aace000-7f036aacf000 r--s 00001000 fd:00 9052405                    /root/.gradle/wrapper/dists/gradle-4.4-all/9br9xq1tocpiv8o6njlyu5op1/gradle-4.4/lib/native-platform-linux-i386-ncurses5-0.14.jar
7f036aacf000-7f036aad3000 r--s 00012000 fd:00 9052387                    /root/.gradle/wrapper/dists/gradle-4.4-all/9br9xq1tocpiv8o6njlyu5op1/gradle-4.4/lib/native-platform-0.14.jar
7f036aad3000-7f036aad6000 r--s 0000c000 fd:00 9052363                    /root/.gradle/wrapper/dists/gradle-4.4-all/9br9xq1tocpiv8o6njlyu5op1/gradle-4.4/lib/gradle-native-4.4.jar
7f036aad6000-7f036aad8000 r--s 0000f000 fd:00 9052372                    /root/.gradle/wrapper/dists/gradle-4.4-all/9br9xq1tocpiv8o6njlyu5op1/gradle-4.4/lib/reflectasm-1.07-shaded.jar
7f036aad8000-7f036aada000 r--s 00000000 fd:00 9052407                    /root/.gradle/wrapper/dists/gradle-4.4-all/9br9xq1tocpiv8o6njlyu5op1/gradle-4.4/lib/minlog-1.2.jar
7f036aada000-7f036aade000 r--s 00026000 fd:00 9052371                    /root/.gradle/wrapper/dists/gradle-4.4-all/9br9xq1tocpiv8o6njlyu5op1/gradle-4.4/lib/kryo-2.20.jar
7f036aade000-7f036ab06000 r--s 001cf000 fd:00 9052379                    /root/.gradle/wrapper/dists/gradle-4.4-all/9br9xq1tocpiv8o6njlyu5op1/gradle-4.4/lib/guava-jdk5-17.0.jar
7f036ab06000-7f036ab25000 r--s 001d5000 fd:00 9052384                    /root/.gradle/wrapper/dists/gradle-4.4-all/9br9xq1tocpiv8o6njlyu5op1/gradle-4.4/lib/ant-1.9.9.jar
7f036ab25000-7f036ab26000 ---p 00000000 00:00 0 
7f036ab26000-7f036ac26000 rw-p 00000000 00:00 0 
7f036ac26000-7f036ac29000 ---p 00000000 00:00 0 
7f036ac29000-7f036ad27000 rw-p 00000000 00:00 0 
7f036ad27000-7f036ad28000 ---p 00000000 00:00 0 
7f036ad28000-7f036ad2b000 ---p 00000000 00:00 0 
7f036ad2b000-7f036ae28000 rw-p 00000000 00:00 0 
7f036ae28000-7f036ae29000 ---p 00000000 00:00 0 
7f036ae29000-7f036ae2c000 ---p 00000000 00:00 0 
7f036ae2c000-7f036af29000 rw-p 00000000 00:00 0 
7f036af29000-7f036af2a000 ---p 00000000 00:00 0 
7f036af2a000-7f036af2d000 ---p 00000000 00:00 0 
7f036af2d000-7f036b02a000 rw-p 00000000 00:00 0 
7f036b02a000-7f036b02d000 ---p 00000000 00:00 0 
7f036b02d000-7f036b12b000 rw-p 00000000 00:00 0 
7f036b12b000-7f036bafb000 r--p 00000000 fd:00 14293623                   /usr/lib/locale/locale-archive
7f036bafb000-7f036bafe000 ---p 00000000 00:00 0 
7f036bafe000-7f036bbfc000 rw-p 00000000 00:00 0 
7f036bbfc000-7f036bbff000 ---p 00000000 00:00 0 
7f036bbff000-7f036bcfd000 rw-p 00000000 00:00 0 
7f036bcfd000-7f036bcfe000 ---p 00000000 00:00 0 
7f036bcfe000-7f036c000000 rw-p 00000000 00:00 0 
7f036c000000-7f036c021000 rw-p 00000000 00:00 0 
7f036c021000-7f0370000000 ---p 00000000 00:00 0 
7f0370000000-7f0370001000 r--s 00001000 fd:00 9052406                    /root/.gradle/wrapper/dists/gradle-4.4-all/9br9xq1tocpiv8o6njlyu5op1/gradle-4.4/lib/native-platform-linux-i386-ncurses6-0.14.jar
7f0370001000-7f0370003000 r--s 00007000 fd:00 9052408                    /root/.gradle/wrapper/dists/gradle-4.4-all/9br9xq1tocpiv8o6njlyu5op1/gradle-4.4/lib/objenesis-1.2.jar
7f0370003000-7f0370009000 r--s 0002b000 fd:00 9052367                    /root/.gradle/wrapper/dists/gradle-4.4-all/9br9xq1tocpiv8o6njlyu5op1/gradle-4.4/lib/gradle-messaging-4.4.jar
7f0370009000-7f037000e000 r--s 00041000 fd:00 9052381                    /root/.gradle/wrapper/dists/gradle-4.4-all/9br9xq1tocpiv8o6njlyu5op1/gradle-4.4/lib/commons-lang-2.6.jar
7f037000e000-7f037004a000 r--s 00204000 fd:00 9052355                    /root/.gradle/wrapper/dists/gradle-4.4-all/9br9xq1tocpiv8o6njlyu5op1/gradle-4.4/lib/gradle-core-4.4.jar
7f037004a000-7f0370056000 r--s 00032000 fd:00 9052357                    /root/.gradle/wrapper/dists/gradle-4.4-all/9br9xq1tocpiv8o6njlyu5op1/gradle-4.4/lib/gradle-core-api-4.4.jar
7f0370056000-7f0370e15000 rw-p 00000000 00:00 0 
7f0370e15000-7f0370fef000 r--s 03d6b000 fd:00 14555503                   /usr/lib/jvm/java-8-oracle/jre/lib/rt.jar
7f0370fef000-7f0373a65000 rw-p 00000000 00:00 0 
7f0373a65000-7f0373a66000 ---p 00000000 00:00 0 
7f0373a66000-7f0373b66000 rw-p 00000000 00:00 0 
7f0373b66000-7f0373b67000 ---p 00000000 00:00 0 
7f0373b67000-7f0373c67000 rw-p 00000000 00:00 0 
7f0373c67000-7f0373c68000 ---p 00000000 00:00 0 
7f0373c68000-7f0373d68000 rw-p 00000000 00:00 0 
7f0373d68000-7f0373d69000 ---p 00000000 00:00 0 
7f0373d69000-7f0373e86000 rw-p 00000000 00:00 0 
7f0373e86000-7f0373fbf000 ---p 00000000 00:00 0 
7f0373fbf000-7f0373fdc000 rw-p 00000000 00:00 0 
7f0373fdc000-7f0374114000 ---p 00000000 00:00 0 
7f0374114000-7f0374176000 rw-p 00000000 00:00 0 
7f0374176000-7f03741bf000 ---p 00000000 00:00 0 
7f03741bf000-7f03741f9000 rw-p 00000000 00:00 0 
7f03741f9000-7f0374580000 ---p 00000000 00:00 0 
7f0374580000-7f0375390000 rwxp 00000000 00:00 0 
7f0375390000-7f0383580000 ---p 00000000 00:00 0 
7f0383580000-7f038359b000 r-xp 00000000 fd:00 14555715                   /usr/lib/jvm/java-8-oracle/jre/lib/amd64/libzip.so
7f038359b000-7f038379b000 ---p 0001b000 fd:00 14555715                   /usr/lib/jvm/java-8-oracle/jre/lib/amd64/libzip.so
7f038379b000-7f038379c000 rw-p 0001b000 fd:00 14555715                   /usr/lib/jvm/java-8-oracle/jre/lib/amd64/libzip.so
7f038379c000-7f03837a7000 r-xp 00000000 fd:00 5903097                    /lib/x86_64-linux-gnu/libnss_files-2.27.so
7f03837a7000-7f03839a6000 ---p 0000b000 fd:00 5903097                    /lib/x86_64-linux-gnu/libnss_files-2.27.so
7f03839a6000-7f03839a7000 r--p 0000a000 fd:00 5903097                    /lib/x86_64-linux-gnu/libnss_files-2.27.so
7f03839a7000-7f03839a8000 rw-p 0000b000 fd:00 5903097                    /lib/x86_64-linux-gnu/libnss_files-2.27.so
7f03839a8000-7f03839ae000 rw-p 00000000 00:00 0 
7f03839ae000-7f03839c5000 r-xp 00000000 fd:00 5903091                    /lib/x86_64-linux-gnu/libnsl-2.27.so
7f03839c5000-7f0383bc4000 ---p 00017000 fd:00 5903091                    /lib/x86_64-linux-gnu/libnsl-2.27.so
7f0383bc4000-7f0383bc5000 r--p 00016000 fd:00 5903091                    /lib/x86_64-linux-gnu/libnsl-2.27.so
7f0383bc5000-7f0383bc6000 rw-p 00017000 fd:00 5903091                    /lib/x86_64-linux-gnu/libnsl-2.27.so
7f0383bc6000-7f0383bc8000 rw-p 00000000 00:00 0 
7f0383bc8000-7f0383bd3000 r-xp 00000000 fd:00 5903108                    /lib/x86_64-linux-gnu/libnss_nis-2.27.so
7f0383bd3000-7f0383dd2000 ---p 0000b000 fd:00 5903108                    /lib/x86_64-linux-gnu/libnss_nis-2.27.so
7f0383dd2000-7f0383dd3000 r--p 0000a000 fd:00 5903108                    /lib/x86_64-linux-gnu/libnss_nis-2.27.so
7f0383dd3000-7f0383dd4000 rw-p 0000b000 fd:00 5903108                    /lib/x86_64-linux-gnu/libnss_nis-2.27.so
7f0383dd4000-7f0383dff000 r-xp 00000000 fd:00 14555709                   /usr/lib/jvm/java-8-oracle/jre/lib/amd64/libjava.so
7f0383dff000-7f0383ffe000 ---p 0002b000 fd:00 14555709                   /usr/lib/jvm/java-8-oracle/jre/lib/amd64/libjava.so
7f0383ffe000-7f0384000000 rw-p 0002a000 fd:00 14555709                   /usr/lib/jvm/java-8-oracle/jre/lib/amd64/libjava.so
7f0384000000-7f0384eb1000 rw-p 00000000 00:00 0 
7f0384eb1000-7f0388000000 ---p 00000000 00:00 0 
7f0388000000-7f0388002000 r--s 00006000 fd:00 9052360                    /root/.gradle/wrapper/dists/gradle-4.4-all/9br9xq1tocpiv8o6njlyu5op1/gradle-4.4/lib/gradle-process-services-4.4.jar
7f0388002000-7f038800a000 r--s 000bd000 fd:00 9052373                    /root/.gradle/wrapper/dists/gradle-4.4-all/9br9xq1tocpiv8o6njlyu5op1/gradle-4.4/lib/asm-debug-all-6.0_ALPHA.jar
7f038800a000-7f0388015000 r--s 0005b000 fd:00 9052368                    /root/.gradle/wrapper/dists/gradle-4.4-all/9br9xq1tocpiv8o6njlyu5op1/gradle-4.4/lib/gradle-base-services-4.4.jar
7f0388015000-7f038801d000 r-xp 00000000 fd:00 5903093                    /lib/x86_64-linux-gnu/libnss_compat-2.27.so
7f038801d000-7f038821d000 ---p 00008000 fd:00 5903093                    /lib/x86_64-linux-gnu/libnss_compat-2.27.so
7f038821d000-7f038821e000 r--p 00008000 fd:00 5903093                    /lib/x86_64-linux-gnu/libnss_compat-2.27.so
7f038821e000-7f038821f000 rw-p 00009000 fd:00 5903093                    /lib/x86_64-linux-gnu/libnss_compat-2.27.so
7f038821f000-7f038822c000 r-xp 00000000 fd:00 14555714                   /usr/lib/jvm/java-8-oracle/jre/lib/amd64/libverify.so
7f038822c000-7f038842c000 ---p 0000d000 fd:00 14555714                   /usr/lib/jvm/java-8-oracle/jre/lib/amd64/libverify.so
7f038842c000-7f038842e000 rw-p 0000d000 fd:00 14555714                   /usr/lib/jvm/java-8-oracle/jre/lib/amd64/libverify.so
7f038842e000-7f0388435000 r-xp 00000000 fd:00 5903148                    /lib/x86_64-linux-gnu/librt-2.27.so
7f0388435000-7f0388634000 ---p 00007000 fd:00 5903148                    /lib/x86_64-linux-gnu/librt-2.27.so
7f0388634000-7f0388635000 r--p 00006000 fd:00 5903148                    /lib/x86_64-linux-gnu/librt-2.27.so
7f0388635000-7f0388636000 rw-p 00007000 fd:00 5903148                    /lib/x86_64-linux-gnu/librt-2.27.so
7f0388636000-7f03887d3000 r-xp 00000000 fd:00 5903070                    /lib/x86_64-linux-gnu/libm-2.27.so
7f03887d3000-7f03889d2000 ---p 0019d000 fd:00 5903070                    /lib/x86_64-linux-gnu/libm-2.27.so
7f03889d2000-7f03889d3000 r--p 0019c000 fd:00 5903070                    /lib/x86_64-linux-gnu/libm-2.27.so
7f03889d3000-7f03889d4000 rw-p 0019d000 fd:00 5903070                    /lib/x86_64-linux-gnu/libm-2.27.so
7f03889d4000-7f03896b0000 r-xp 00000000 fd:00 14555691                   /usr/lib/jvm/java-8-oracle/jre/lib/amd64/server/libjvm.so
7f03896b0000-7f03898b0000 ---p 00cdc000 fd:00 14555691                   /usr/lib/jvm/java-8-oracle/jre/lib/amd64/server/libjvm.so
7f03898b0000-7f038998a000 rw-p 00cdc000 fd:00 14555691                   /usr/lib/jvm/java-8-oracle/jre/lib/amd64/server/libjvm.so
7f038998a000-7f03899d5000 rw-p 00000000 00:00 0 
7f03899d5000-7f0389bbc000 r-xp 00000000 fd:00 5903007                    /lib/x86_64-linux-gnu/libc-2.27.so
7f0389bbc000-7f0389dbc000 ---p 001e7000 fd:00 5903007                    /lib/x86_64-linux-gnu/libc-2.27.so
7f0389dbc000-7f0389dc0000 r--p 001e7000 fd:00 5903007                    /lib/x86_64-linux-gnu/libc-2.27.so
7f0389dc0000-7f0389dc2000 rw-p 001eb000 fd:00 5903007                    /lib/x86_64-linux-gnu/libc-2.27.so
7f0389dc2000-7f0389dc6000 rw-p 00000000 00:00 0 
7f0389dc6000-7f0389dc9000 r-xp 00000000 fd:00 5903030                    /lib/x86_64-linux-gnu/libdl-2.27.so
7f0389dc9000-7f0389fc8000 ---p 00003000 fd:00 5903030                    /lib/x86_64-linux-gnu/libdl-2.27.so
7f0389fc8000-7f0389fc9000 r--p 00002000 fd:00 5903030                    /lib/x86_64-linux-gnu/libdl-2.27.so
7f0389fc9000-7f0389fca000 rw-p 00003000 fd:00 5903030                    /lib/x86_64-linux-gnu/libdl-2.27.so
7f0389fca000-7f0389fe0000 r-xp 00000000 fd:00 14426308                   /usr/lib/jvm/java-8-oracle/lib/amd64/jli/libjli.so
7f0389fe0000-7f038a1df000 ---p 00016000 fd:00 14426308                   /usr/lib/jvm/java-8-oracle/lib/amd64/jli/libjli.so
7f038a1df000-7f038a1e0000 rw-p 00015000 fd:00 14426308                   /usr/lib/jvm/java-8-oracle/lib/amd64/jli/libjli.so
7f038a1e0000-7f038a1fa000 r-xp 00000000 fd:00 5903140                    /lib/x86_64-linux-gnu/libpthread-2.27.so
7f038a1fa000-7f038a3f9000 ---p 0001a000 fd:00 5903140                    /lib/x86_64-linux-gnu/libpthread-2.27.so
7f038a3f9000-7f038a3fa000 r--p 00019000 fd:00 5903140                    /lib/x86_64-linux-gnu/libpthread-2.27.so
7f038a3fa000-7f038a3fb000 rw-p 0001a000 fd:00 5903140                    /lib/x86_64-linux-gnu/libpthread-2.27.so
7f038a3fb000-7f038a3ff000 rw-p 00000000 00:00 0 
7f038a3ff000-7f038a426000 r-xp 00000000 fd:00 5902979                    /lib/x86_64-linux-gnu/ld-2.27.so
7f038a426000-7f038a428000 r--s 00000000 fd:00 9052356                    /root/.gradle/wrapper/dists/gradle-4.4-all/9br9xq1tocpiv8o6njlyu5op1/gradle-4.4/lib/gradle-jvm-services-4.4.jar
7f038a428000-7f038a42b000 r--s 00006000 fd:00 9052380                    /root/.gradle/wrapper/dists/gradle-4.4-all/9br9xq1tocpiv8o6njlyu5op1/gradle-4.4/lib/jsr305-1.3.9.jar
7f038a42b000-7f038a504000 rw-p 00000000 00:00 0 
7f038a504000-7f038a505000 ---p 00000000 00:00 0 
7f038a505000-7f038a508000 ---p 00000000 00:00 0 
7f038a508000-7f038a609000 rw-p 00000000 00:00 0 
7f038a609000-7f038a60a000 r--s 00000000 fd:00 9052382                    /root/.gradle/wrapper/dists/gradle-4.4-all/9br9xq1tocpiv8o6njlyu5op1/gradle-4.4/lib/jcip-annotations-1.0.jar
7f038a60a000-7f038a60b000 r--s 00007000 fd:00 9052378                    /root/.gradle/wrapper/dists/gradle-4.4-all/9br9xq1tocpiv8o6njlyu5op1/gradle-4.4/lib/slf4j-api-1.7.10.jar
7f038a60b000-7f038a60f000 r--s 00027000 fd:00 9052374                    /root/.gradle/wrapper/dists/gradle-4.4-all/9br9xq1tocpiv8o6njlyu5op1/gradle-4.4/lib/commons-io-2.2.jar
7f038a60f000-7f038a610000 r--s 00004000 fd:00 9052392                    /root/.gradle/wrapper/dists/gradle-4.4-all/9br9xq1tocpiv8o6njlyu5op1/gradle-4.4/lib/ant-launcher-1.9.9.jar
7f038a610000-7f038a61c000 r--s 0005f000 fd:00 9052350                    /root/.gradle/wrapper/dists/gradle-4.4-all/9br9xq1tocpiv8o6njlyu5op1/gradle-4.4/lib/gradle-launcher-4.4.jar
7f038a61c000-7f038a624000 rw-s 00000000 fd:00 12596180                   /tmp/hsperfdata_root/23279
7f038a624000-7f038a625000 rw-p 00000000 00:00 0 
7f038a625000-7f038a626000 ---p 00000000 00:00 0 
7f038a626000-7f038a627000 r--p 00027000 fd:00 5902979                    /lib/x86_64-linux-gnu/ld-2.27.so
7f038a627000-7f038a628000 rw-p 00028000 fd:00 5902979                    /lib/x86_64-linux-gnu/ld-2.27.so
7f038a628000-7f038a629000 rw-p 00000000 00:00 0 
7fff2ed14000-7fff2ed35000 rw-p 00000000 00:00 0                          [stack]
7fff2edd7000-7fff2edda000 r--p 00000000 00:00 0                          [vvar]
7fff2edda000-7fff2eddc000 r-xp 00000000 00:00 0                          [vdso]
ffffffffff600000-ffffffffff601000 r-xp 00000000 00:00 0                  [vsyscall]

VM Arguments:
jvm_args: -XX:+HeapDumpOnOutOfMemoryError -Xmx1024m -Dfile.encoding=UTF-8 -Duser.country=US -Duser.language=en -Duser.variant 
java_command: org.gradle.launcher.daemon.bootstrap.GradleDaemon 4.4
java_class_path (initial): /root/.gradle/wrapper/dists/gradle-4.4-all/9br9xq1tocpiv8o6njlyu5op1/gradle-4.4/lib/gradle-launcher-4.4.jar
Launcher Type: SUN_STANDARD

Environment Variables:
PATH=/usr/local/sbin:/usr/local/bin:/usr/sbin:/usr/bin:/sbin:/bin:/snap/bin
USERNAME=root
SHELL=/bin/bash
DISPLAY=:0

Signal Handlers:
SIGSEGV: [libjvm.so+0xad2a40], sa_mask[0]=11111111011111111101111111111110, sa_flags=SA_RESTART|SA_SIGINFO
SIGBUS: [libjvm.so+0xad2a40], sa_mask[0]=11111111011111111101111111111110, sa_flags=SA_RESTART|SA_SIGINFO
SIGFPE: [libjvm.so+0x92a610], sa_mask[0]=11111111011111111101111111111110, sa_flags=SA_RESTART|SA_SIGINFO
SIGPIPE: [libjvm.so+0x92a610], sa_mask[0]=11111111011111111101111111111110, sa_flags=SA_RESTART|SA_SIGINFO
SIGXFSZ: [libjvm.so+0x92a610], sa_mask[0]=11111111011111111101111111111110, sa_flags=SA_RESTART|SA_SIGINFO
SIGILL: [libjvm.so+0x92a610], sa_mask[0]=11111111011111111101111111111110, sa_flags=SA_RESTART|SA_SIGINFO
SIGUSR1: SIG_DFL, sa_mask[0]=00000000000000000000000000000000, sa_flags=none
SIGUSR2: [libjvm.so+0x92be70], sa_mask[0]=00100000000000000000000000000000, sa_flags=SA_RESTART|SA_SIGINFO
SIGHUP: [libjvm.so+0x92d270], sa_mask[0]=11111111011111111101111111111110, sa_flags=SA_RESTART|SA_SIGINFO
SIGINT: [libjvm.so+0x92d270], sa_mask[0]=11111111011111111101111111111110, sa_flags=SA_RESTART|SA_SIGINFO
SIGTERM: [libjvm.so+0x92d270], sa_mask[0]=11111111011111111101111111111110, sa_flags=SA_RESTART|SA_SIGINFO
SIGQUIT: [libjvm.so+0x92d270], sa_mask[0]=11111111011111111101111111111110, sa_flags=SA_RESTART|SA_SIGINFO


---------------  S Y S T E M  ---------------

OS:DISTRIB_ID=Ubuntu
DISTRIB_RELEASE=18.04
DISTRIB_CODENAME=bionic
DISTRIB_DESCRIPTION="Ubuntu 18.04.1 LTS"

uname:Linux 4.15.0-36-generic #39-Ubuntu SMP Mon Sep 24 16:19:09 UTC 2018 x86_64
libc:glibc 2.27 NPTL 2.27 
rlimit: STACK 8192k, CORE 0k, NPROC 22789, NOFILE 4096, AS infinity
load average:30.22 8.52 3.30

/proc/meminfo:
MemTotal:        5896808 kB
MemFree:          108000 kB
MemAvailable:      35592 kB
Buffers:            1756 kB
Cached:           463412 kB
SwapCached:          408 kB
Active:          4732512 kB
Inactive:         714100 kB
Active(anon):    4710980 kB
Inactive(anon):   681444 kB
Active(file):      21532 kB
Inactive(file):    32656 kB
Unevictable:         140 kB
Mlocked:             140 kB
SwapTotal:       1003516 kB
SwapFree:            232 kB
Dirty:                68 kB
Writeback:             4 kB
AnonPages:       4981304 kB
Mapped:            94596 kB
Shmem:            410852 kB
Slab:             135648 kB
SReclaimable:      61612 kB
SUnreclaim:        74036 kB
KernelStack:       18576 kB
PageTables:        86164 kB
NFS_Unstable:          0 kB
Bounce:                0 kB
WritebackTmp:          0 kB
CommitLimit:     3951920 kB
Committed_AS:   17801688 kB
VmallocTotal:   34359738367 kB
VmallocUsed:           0 kB
VmallocChunk:          0 kB
HardwareCorrupted:     0 kB
AnonHugePages:     20480 kB
ShmemHugePages:        0 kB
ShmemPmdMapped:        0 kB
CmaTotal:              0 kB
CmaFree:               0 kB
HugePages_Total:       0
HugePages_Free:        0
HugePages_Rsvd:        0
HugePages_Surp:        0
Hugepagesize:       2048 kB
DirectMap4k:      323840 kB
DirectMap2M:     5761024 kB


CPU:total 4 (initial active 4) (2 cores per cpu, 2 threads per core) family 6 model 37 stepping 5, cmov, cx8, fxsr, mmx, sse, sse2, sse3, ssse3, sse4.1, sse4.2, popcnt, ht, tsc, tscinvbit

/proc/cpuinfo:
processor	: 0
vendor_id	: GenuineIntel
cpu family	: 6
model		: 37
model name	: Intel(R) Core(TM) i5 CPU       M 460  @ 2.53GHz
stepping	: 5
microcode	: 0x7
cpu MHz		: 2393.834
cache size	: 3072 KB
physical id	: 0
siblings	: 4
core id		: 0
cpu cores	: 2
apicid		: 0
initial apicid	: 0
fpu		: yes
fpu_exception	: yes
cpuid level	: 11
wp		: yes
flags		: fpu vme de pse tsc msr pae mce cx8 apic sep mtrr pge mca cmov pat pse36 clflush dts acpi mmx fxsr sse sse2 ss ht tm pbe syscall nx rdtscp lm constant_tsc arch_perfmon pebs bts rep_good nopl xtopology nonstop_tsc cpuid aperfmperf pni dtes64 monitor ds_cpl vmx est tm2 ssse3 cx16 xtpr pdcm pcid sse4_1 sse4_2 popcnt lahf_lm pti ssbd ibrs ibpb stibp tpr_shadow vnmi flexpriority ept vpid dtherm ida arat flush_l1d
bugs		: cpu_meltdown spectre_v1 spectre_v2 spec_store_bypass l1tf
bogomips	: 5053.64
clflush size	: 64
cache_alignment	: 64
address sizes	: 36 bits physical, 48 bits virtual
power management:

processor	: 1
vendor_id	: GenuineIntel
cpu family	: 6
model		: 37
model name	: Intel(R) Core(TM) i5 CPU       M 460  @ 2.53GHz
stepping	: 5
microcode	: 0x7
cpu MHz		: 2393.830
cache size	: 3072 KB
physical id	: 0
siblings	: 4
core id		: 0
cpu cores	: 2
apicid		: 1
initial apicid	: 1
fpu		: yes
fpu_exception	: yes
cpuid level	: 11
wp		: yes
flags		: fpu vme de pse tsc msr pae mce cx8 apic sep mtrr pge mca cmov pat pse36 clflush dts acpi mmx fxsr sse sse2 ss ht tm pbe syscall nx rdtscp lm constant_tsc arch_perfmon pebs bts rep_good nopl xtopology nonstop_tsc cpuid aperfmperf pni dtes64 monitor ds_cpl vmx est tm2 ssse3 cx16 xtpr pdcm pcid sse4_1 sse4_2 popcnt lahf_lm pti ssbd ibrs ibpb stibp tpr_shadow vnmi flexpriority ept vpid dtherm ida arat flush_l1d
bugs		: cpu_meltdown spectre_v1 spectre_v2 spec_store_bypass l1tf
bogomips	: 5053.64
clflush size	: 64
cache_alignment	: 64
address sizes	: 36 bits physical, 48 bits virtual
power management:

processor	: 2
vendor_id	: GenuineIntel
cpu family	: 6
model		: 37
model name	: Intel(R) Core(TM) i5 CPU       M 460  @ 2.53GHz
stepping	: 5
microcode	: 0x7
cpu MHz		: 2393.831
cache size	: 3072 KB
physical id	: 0
siblings	: 4
core id		: 2
cpu cores	: 2
apicid		: 4
initial apicid	: 4
fpu		: yes
fpu_exception	: yes
cpuid level	: 11
wp		: yes
flags		: fpu vme de pse tsc msr pae mce cx8 apic sep mtrr pge mca cmov pat pse36 clflush dts acpi mmx fxsr sse sse2 ss ht tm pbe syscall nx rdtscp lm constant_tsc arch_perfmon pebs bts rep_good nopl xtopology nonstop_tsc cpuid aperfmperf pni dtes64 monitor ds_cpl vmx est tm2 ssse3 cx16 xtpr pdcm pcid sse4_1 sse4_2 popcnt lahf_lm pti ssbd ibrs ibpb stibp tpr_shadow vnmi flexpriority ept vpid dtherm ida arat flush_l1d
bugs		: cpu_meltdown spectre_v1 spectre_v2 spec_store_bypass l1tf
bogomips	: 5053.64
clflush size	: 64
cache_alignment	: 64
address sizes	: 36 bits physical, 48 bits virtual
power management:

processor	: 3
vendor_id	: GenuineIntel
cpu family	: 6
model		: 37
model name	: Intel(R) Core(TM) i5 CPU       M 460  @ 2.53GHz
stepping	: 5
microcode	: 0x7
cpu MHz		: 2393.830
cache size	: 3072 KB
physical id	: 0
siblings	: 4
core id		: 2
cpu cores	: 2
apicid		: 5
initial apicid	: 5
fpu		: yes
fpu_exception	: yes
cpuid level	: 11
wp		: yes
flags		: fpu vme de pse tsc msr pae mce cx8 apic sep mtrr pge mca cmov pat pse36 clflush dts acpi mmx fxsr sse sse2 ss ht tm pbe syscall nx rdtscp lm constant_tsc arch_perfmon pebs bts rep_good nopl xtopology nonstop_tsc cpuid aperfmperf pni dtes64 monitor ds_cpl vmx est tm2 ssse3 cx16 xtpr pdcm pcid sse4_1 sse4_2 popcnt lahf_lm pti ssbd ibrs ibpb stibp tpr_shadow vnmi flexpriority ept vpid dtherm ida arat flush_l1d
bugs		: cpu_meltdown spectre_v1 spectre_v2 spec_store_bypass l1tf
bogomips	: 5053.64
clflush size	: 64
cache_alignment	: 64
address sizes	: 36 bits physical, 48 bits virtual
power management:



Memory: 4k page, physical 5896808k(107188k free), swap 1003516k(232k free)

vm_info: Java HotSpot(TM) 64-Bit Server VM (25.181-b13) for linux-amd64 JRE (1.8.0_181-b13), built on Jul  7 2018 00:56:38 by "java_re" with gcc 4.3.0 20080428 (Red Hat 4.3.0-8)

time: Thu Oct  4 14:37:03 2018
elapsed time: 59 seconds (0d 0h 0m 59s)

